<?xml version="1.0" encoding="UTF-8"?>
<testsuite name="org.zerock.security.MemberTests" tests="1" skipped="0" failures="0" errors="0" timestamp="2021-02-01T14:18:30" hostname="hwangjeonghyeon-ui-MacBookPro.local" time="0.705">
  <properties/>
  <testcase name="testInsertMember" classname="org.zerock.security.MemberTests" time="0.705"/>
  <system-out><![CDATA[INFO  [DefaultTestContextBootstrapper:248] - Loaded default TestExecutionListener class names from location [META-INF/spring.factories]: [org.springframework.test.context.web.ServletTestExecutionListener, org.springframework.test.context.support.DirtiesContextBeforeModesTestExecutionListener, org.springframework.test.context.support.DependencyInjectionTestExecutionListener, org.springframework.test.context.support.DirtiesContextTestExecutionListener, org.springframework.test.context.transaction.TransactionalTestExecutionListener, org.springframework.test.context.jdbc.SqlScriptsTestExecutionListener]
INFO  [DefaultTestContextBootstrapper:177] - Using TestExecutionListeners: [org.springframework.test.context.web.ServletTestExecutionListener@3685bd34, org.springframework.test.context.support.DirtiesContextBeforeModesTestExecutionListener@84795a5, org.springframework.test.context.support.DependencyInjectionTestExecutionListener@1d734723, org.springframework.test.context.support.DirtiesContextTestExecutionListener@1ff671b9, org.springframework.test.context.transaction.TransactionalTestExecutionListener@401036e, org.springframework.test.context.jdbc.SqlScriptsTestExecutionListener@30df44f6]
INFO  [SpringSecurityCoreVersion:81] - You are running with Spring Security Core 5.0.6.RELEASE
INFO  [SecurityNamespaceHandler:78] - Spring Security 'config' module version is 5.0.6.RELEASE
INFO  [FilterInvocationSecurityMetadataSourceParser:194] - Creating access control expression attribute 'permitAll' for /mem/all
INFO  [FilterInvocationSecurityMetadataSourceParser:194] - Creating access control expression attribute 'hasRole('ROLE_MEMBER')' for /mem/member
INFO  [FilterInvocationSecurityMetadataSourceParser:194] - Creating access control expression attribute 'hasRole('ROLE_ADMIN')' for /mem/admin
INFO  [HttpSecurityBeanDefinitionParser:307] - Checking sorted filter chain: [Root bean: class [org.springframework.security.web.context.SecurityContextPersistenceFilter]; scope=; abstract=false; lazyInit=null; autowireMode=0; dependencyCheck=0; autowireCandidate=true; primary=false; factoryBeanName=null; factoryMethodName=null; initMethodName=null; destroyMethodName=null, order = 200, Root bean: class [org.springframework.security.web.context.request.async.WebAsyncManagerIntegrationFilter]; scope=; abstract=false; lazyInit=null; autowireMode=0; dependencyCheck=0; autowireCandidate=true; primary=false; factoryBeanName=null; factoryMethodName=null; initMethodName=null; destroyMethodName=null, order = 400, Root bean: class [org.springframework.security.web.header.HeaderWriterFilter]; scope=; abstract=false; lazyInit=null; autowireMode=0; dependencyCheck=0; autowireCandidate=true; primary=false; factoryBeanName=null; factoryMethodName=null; initMethodName=null; destroyMethodName=null, order = 500, Root bean: class [org.springframework.security.web.csrf.CsrfFilter]; scope=; abstract=false; lazyInit=null; autowireMode=0; dependencyCheck=0; autowireCandidate=true; primary=false; factoryBeanName=null; factoryMethodName=null; initMethodName=null; destroyMethodName=null, order = 700, Root bean: class [org.springframework.security.web.authentication.logout.LogoutFilter]; scope=; abstract=false; lazyInit=null; autowireMode=0; dependencyCheck=0; autowireCandidate=true; primary=false; factoryBeanName=null; factoryMethodName=null; initMethodName=null; destroyMethodName=null, order = 800, <org.springframework.security.web.authentication.UsernamePasswordAuthenticationFilter#0>, order = 1200, Root bean: class [org.springframework.security.web.authentication.www.BasicAuthenticationFilter]; scope=; abstract=false; lazyInit=null; autowireMode=0; dependencyCheck=0; autowireCandidate=true; primary=false; factoryBeanName=null; factoryMethodName=null; initMethodName=null; destroyMethodName=null, order = 1600, Root bean: class [org.springframework.security.web.savedrequest.RequestCacheAwareFilter]; scope=; abstract=false; lazyInit=null; autowireMode=0; dependencyCheck=0; autowireCandidate=true; primary=false; factoryBeanName=null; factoryMethodName=null; initMethodName=null; destroyMethodName=null, order = 1700, Root bean: class [null]; scope=; abstract=false; lazyInit=null; autowireMode=0; dependencyCheck=0; autowireCandidate=true; primary=false; factoryBeanName=org.springframework.security.config.http.HttpConfigurationBuilder$SecurityContextHolderAwareRequestFilterBeanFactory#0; factoryMethodName=getBean; initMethodName=null; destroyMethodName=null, order = 1800, Root bean: class [org.springframework.security.web.authentication.AnonymousAuthenticationFilter]; scope=; abstract=false; lazyInit=null; autowireMode=0; dependencyCheck=0; autowireCandidate=true; primary=false; factoryBeanName=null; factoryMethodName=null; initMethodName=null; destroyMethodName=null, order = 2100, Root bean: class [org.springframework.security.web.session.SessionManagementFilter]; scope=; abstract=false; lazyInit=null; autowireMode=0; dependencyCheck=0; autowireCandidate=true; primary=false; factoryBeanName=null; factoryMethodName=null; initMethodName=null; destroyMethodName=null, order = 2200, Root bean: class [org.springframework.security.web.access.ExceptionTranslationFilter]; scope=; abstract=false; lazyInit=null; autowireMode=0; dependencyCheck=0; autowireCandidate=true; primary=false; factoryBeanName=null; factoryMethodName=null; initMethodName=null; destroyMethodName=null, order = 2300, <org.springframework.security.web.access.intercept.FilterSecurityInterceptor#0>, order = 2400]
INFO  [GenericApplicationContext:590] - Refreshing org.springframework.context.support.GenericApplicationContext@69534363: startup date [Mon Feb 01 23:18:29 KST 2021]; root of context hierarchy
INFO  [HikariDataSource:71] - HikariPool-1 - Starting...
INFO  [connection:541] - 1. Connection opened
INFO  [audit:175] - 1. Connection.new Connection returned 
INFO  [PoolBase:526] - HikariPool-1 - Driver does not support get/set network timeout for connections. (net.sf.log4jdbc.sql.jdbcapi.ConnectionSpy.getNetworkTimeout()I)
INFO  [audit:175] - 1. Connection.setReadOnly(false) returned 
INFO  [audit:175] - 1. Connection.setAutoCommit(true) returned 
INFO  [audit:175] - 1. Connection.isValid(1) returned true
INFO  [audit:175] - 1. Connection.getTransactionIsolation() returned 2
INFO  [HikariDataSource:73] - HikariPool-1 - Start completed.
INFO  [connection:541] - 2. Connection opened
INFO  [audit:175] - 2. Connection.new Connection returned 
INFO  [audit:175] - 2. Connection.setReadOnly(false) returned 
INFO  [audit:175] - 2. Connection.setAutoCommit(true) returned 
INFO  [connection:541] - 3. Connection opened
INFO  [audit:175] - 3. Connection.new Connection returned 
INFO  [audit:175] - 3. Connection.setReadOnly(false) returned 
INFO  [audit:175] - 3. Connection.setAutoCommit(true) returned 
INFO  [connection:541] - 4. Connection opened
INFO  [audit:175] - 4. Connection.new Connection returned 
INFO  [audit:175] - 4. Connection.setReadOnly(false) returned 
INFO  [audit:175] - 4. Connection.setAutoCommit(true) returned 
INFO  [connection:541] - 5. Connection opened
INFO  [audit:175] - 5. Connection.new Connection returned 
INFO  [audit:175] - 5. Connection.setReadOnly(false) returned 
INFO  [audit:175] - 5. Connection.setAutoCommit(true) returned 
INFO  [connection:541] - 6. Connection opened
INFO  [audit:175] - 6. Connection.new Connection returned 
INFO  [audit:175] - 6. Connection.setReadOnly(false) returned 
INFO  [audit:175] - 6. Connection.setAutoCommit(true) returned 
INFO  [connection:541] - 7. Connection opened
INFO  [audit:175] - 7. Connection.new Connection returned 
INFO  [audit:175] - 7. Connection.setReadOnly(false) returned 
INFO  [audit:175] - 7. Connection.setAutoCommit(true) returned 
INFO  [connection:541] - 8. Connection opened
INFO  [audit:175] - 8. Connection.new Connection returned 
INFO  [audit:175] - 8. Connection.setReadOnly(false) returned 
INFO  [audit:175] - 8. Connection.setAutoCommit(true) returned 
INFO  [JdbcUserDetailsManager:130] - No authentication manager set. Reauthentication of users when changing passwords will not be performed.
INFO  [connection:541] - 9. Connection opened
INFO  [audit:175] - 9. Connection.new Connection returned 
INFO  [audit:175] - 9. Connection.setReadOnly(false) returned 
INFO  [audit:175] - 9. Connection.setAutoCommit(true) returned 
INFO  [connection:541] - 10. Connection opened
INFO  [audit:175] - 10. Connection.new Connection returned 
INFO  [audit:175] - 10. Connection.setReadOnly(false) returned 
INFO  [audit:175] - 10. Connection.setAutoCommit(true) returned 
INFO  [DefaultSecurityFilterChain:43] - Creating filter chain: org.springframework.security.web.util.matcher.AnyRequestMatcher@1, [org.springframework.security.web.context.SecurityContextPersistenceFilter@2d53e554, org.springframework.security.web.context.request.async.WebAsyncManagerIntegrationFilter@7d94be5a, org.springframework.security.web.header.HeaderWriterFilter@16af3939, org.springframework.security.web.csrf.CsrfFilter@5b173cb7, org.springframework.security.web.authentication.logout.LogoutFilter@1953278e, org.springframework.security.web.authentication.UsernamePasswordAuthenticationFilter@44a2b439, org.springframework.security.web.authentication.www.BasicAuthenticationFilter@5a3d1a40, org.springframework.security.web.savedrequest.RequestCacheAwareFilter@43430dc3, org.springframework.security.web.servletapi.SecurityContextHolderAwareRequestFilter@321823bb, org.springframework.security.web.authentication.AnonymousAuthenticationFilter@1d5c9ca6, org.springframework.security.web.session.SessionManagementFilter@4bc785bb, org.springframework.security.web.access.ExceptionTranslationFilter@3523cb25, org.springframework.security.web.access.intercept.FilterSecurityInterceptor@67a36cb7]
INFO  [DefaultFilterChainValidator:154] - Checking whether login URL '/customLogin' is accessible with your configuration
INFO  [ScheduledAnnotationBeanPostProcessor:275] - No TaskScheduler/ScheduledExecutorService bean found for scheduled processing
INFO  [audit:175] - 1. Connection.isValid(5) returned true
INFO  [audit:175] - 1. PreparedStatement.new PreparedStatement returned 
INFO  [audit:175] - 1. Connection.prepareStatement(insert into tbl_member_auth(userid, auth) values(?,?)) returned net.sf.log4jdbc.sql.jdbcapi.PreparedStatementSpy@76803cef
WARN  [CustomNoOpPasswordEncoder:12] - before encode : pw0
INFO  [audit:175] - 1. PreparedStatement.setString(2, "pw0") returned 
INFO  [audit:175] - 1. PreparedStatement.setString(1, "user0") returned 
INFO  [audit:175] - 1. PreparedStatement.setString(2, "ROLE_USER") returned 
INFO  [sqlonly:228] - insert into tbl_member_auth(userid, auth) values('user0','ROLE_USER') 

INFO  [sqltiming:373] - insert into tbl_member_auth(userid, auth) values('user0','ROLE_USER') 
 {executed in 11 msec}
INFO  [audit:175] - 1. PreparedStatement.executeUpdate() returned 1
INFO  [audit:175] - 1. PreparedStatement.close() returned 
INFO  [audit:175] - 1. Connection.clearWarnings() returned 
INFO  [audit:175] - 1. PreparedStatement.new PreparedStatement returned 
INFO  [audit:175] - 1. Connection.prepareStatement(insert into tbl_member_auth(userid, auth) values(?,?)) returned net.sf.log4jdbc.sql.jdbcapi.PreparedStatementSpy@38160abf
WARN  [CustomNoOpPasswordEncoder:12] - before encode : pw1
INFO  [audit:175] - 1. PreparedStatement.setString(2, "pw1") returned 
INFO  [audit:175] - 1. PreparedStatement.setString(1, "user1") returned 
INFO  [audit:175] - 1. PreparedStatement.setString(2, "ROLE_USER") returned 
INFO  [sqlonly:228] - insert into tbl_member_auth(userid, auth) values('user1','ROLE_USER') 

INFO  [sqltiming:373] - insert into tbl_member_auth(userid, auth) values('user1','ROLE_USER') 
 {executed in 4 msec}
INFO  [audit:175] - 1. PreparedStatement.executeUpdate() returned 1
INFO  [audit:175] - 1. PreparedStatement.close() returned 
INFO  [audit:175] - 1. Connection.clearWarnings() returned 
INFO  [audit:175] - 1. PreparedStatement.new PreparedStatement returned 
INFO  [audit:175] - 1. Connection.prepareStatement(insert into tbl_member_auth(userid, auth) values(?,?)) returned net.sf.log4jdbc.sql.jdbcapi.PreparedStatementSpy@2758a499
WARN  [CustomNoOpPasswordEncoder:12] - before encode : pw2
INFO  [audit:175] - 1. PreparedStatement.setString(2, "pw2") returned 
INFO  [audit:175] - 1. PreparedStatement.setString(1, "user2") returned 
INFO  [audit:175] - 1. PreparedStatement.setString(2, "ROLE_USER") returned 
INFO  [sqlonly:228] - insert into tbl_member_auth(userid, auth) values('user2','ROLE_USER') 

INFO  [sqltiming:373] - insert into tbl_member_auth(userid, auth) values('user2','ROLE_USER') 
 {executed in 3 msec}
INFO  [audit:175] - 1. PreparedStatement.executeUpdate() returned 1
INFO  [audit:175] - 1. PreparedStatement.close() returned 
INFO  [audit:175] - 1. Connection.clearWarnings() returned 
INFO  [audit:175] - 1. PreparedStatement.new PreparedStatement returned 
INFO  [audit:175] - 1. Connection.prepareStatement(insert into tbl_member_auth(userid, auth) values(?,?)) returned net.sf.log4jdbc.sql.jdbcapi.PreparedStatementSpy@6c094dfe
WARN  [CustomNoOpPasswordEncoder:12] - before encode : pw3
INFO  [audit:175] - 1. PreparedStatement.setString(2, "pw3") returned 
INFO  [audit:175] - 1. PreparedStatement.setString(1, "user3") returned 
INFO  [audit:175] - 1. PreparedStatement.setString(2, "ROLE_USER") returned 
INFO  [sqlonly:228] - insert into tbl_member_auth(userid, auth) values('user3','ROLE_USER') 

INFO  [sqltiming:373] - insert into tbl_member_auth(userid, auth) values('user3','ROLE_USER') 
 {executed in 4 msec}
INFO  [audit:175] - 1. PreparedStatement.executeUpdate() returned 1
INFO  [audit:175] - 1. PreparedStatement.close() returned 
INFO  [audit:175] - 1. Connection.clearWarnings() returned 
INFO  [audit:175] - 1. PreparedStatement.new PreparedStatement returned 
INFO  [audit:175] - 1. Connection.prepareStatement(insert into tbl_member_auth(userid, auth) values(?,?)) returned net.sf.log4jdbc.sql.jdbcapi.PreparedStatementSpy@5d78739
WARN  [CustomNoOpPasswordEncoder:12] - before encode : pw4
INFO  [audit:175] - 1. PreparedStatement.setString(2, "pw4") returned 
INFO  [audit:175] - 1. PreparedStatement.setString(1, "user4") returned 
INFO  [audit:175] - 1. PreparedStatement.setString(2, "ROLE_USER") returned 
INFO  [sqlonly:228] - insert into tbl_member_auth(userid, auth) values('user4','ROLE_USER') 

INFO  [sqltiming:373] - insert into tbl_member_auth(userid, auth) values('user4','ROLE_USER') 
 {executed in 4 msec}
INFO  [audit:175] - 1. PreparedStatement.executeUpdate() returned 1
INFO  [audit:175] - 1. PreparedStatement.close() returned 
INFO  [audit:175] - 1. Connection.clearWarnings() returned 
INFO  [audit:175] - 1. PreparedStatement.new PreparedStatement returned 
INFO  [audit:175] - 1. Connection.prepareStatement(insert into tbl_member_auth(userid, auth) values(?,?)) returned net.sf.log4jdbc.sql.jdbcapi.PreparedStatementSpy@d9c36ce
WARN  [CustomNoOpPasswordEncoder:12] - before encode : pw5
INFO  [audit:175] - 1. PreparedStatement.setString(2, "pw5") returned 
INFO  [audit:175] - 1. PreparedStatement.setString(1, "user5") returned 
INFO  [audit:175] - 1. PreparedStatement.setString(2, "ROLE_USER") returned 
INFO  [sqlonly:228] - insert into tbl_member_auth(userid, auth) values('user5','ROLE_USER') 

INFO  [sqltiming:373] - insert into tbl_member_auth(userid, auth) values('user5','ROLE_USER') 
 {executed in 4 msec}
INFO  [audit:175] - 1. PreparedStatement.executeUpdate() returned 1
INFO  [audit:175] - 1. PreparedStatement.close() returned 
INFO  [audit:175] - 1. Connection.clearWarnings() returned 
INFO  [audit:175] - 1. PreparedStatement.new PreparedStatement returned 
INFO  [audit:175] - 1. Connection.prepareStatement(insert into tbl_member_auth(userid, auth) values(?,?)) returned net.sf.log4jdbc.sql.jdbcapi.PreparedStatementSpy@6f022788
WARN  [CustomNoOpPasswordEncoder:12] - before encode : pw6
INFO  [audit:175] - 1. PreparedStatement.setString(2, "pw6") returned 
INFO  [audit:175] - 1. PreparedStatement.setString(1, "user6") returned 
INFO  [audit:175] - 1. PreparedStatement.setString(2, "ROLE_USER") returned 
INFO  [sqlonly:228] - insert into tbl_member_auth(userid, auth) values('user6','ROLE_USER') 

INFO  [sqltiming:373] - insert into tbl_member_auth(userid, auth) values('user6','ROLE_USER') 
 {executed in 3 msec}
INFO  [audit:175] - 1. PreparedStatement.executeUpdate() returned 1
INFO  [audit:175] - 1. PreparedStatement.close() returned 
INFO  [audit:175] - 1. Connection.clearWarnings() returned 
INFO  [audit:175] - 1. PreparedStatement.new PreparedStatement returned 
INFO  [audit:175] - 1. Connection.prepareStatement(insert into tbl_member_auth(userid, auth) values(?,?)) returned net.sf.log4jdbc.sql.jdbcapi.PreparedStatementSpy@49c2e12b
WARN  [CustomNoOpPasswordEncoder:12] - before encode : pw7
INFO  [audit:175] - 1. PreparedStatement.setString(2, "pw7") returned 
INFO  [audit:175] - 1. PreparedStatement.setString(1, "user7") returned 
INFO  [audit:175] - 1. PreparedStatement.setString(2, "ROLE_USER") returned 
INFO  [sqlonly:228] - insert into tbl_member_auth(userid, auth) values('user7','ROLE_USER') 

INFO  [sqltiming:373] - insert into tbl_member_auth(userid, auth) values('user7','ROLE_USER') 
 {executed in 4 msec}
INFO  [audit:175] - 1. PreparedStatement.executeUpdate() returned 1
INFO  [audit:175] - 1. PreparedStatement.close() returned 
INFO  [audit:175] - 1. Connection.clearWarnings() returned 
INFO  [audit:175] - 1. PreparedStatement.new PreparedStatement returned 
INFO  [audit:175] - 1. Connection.prepareStatement(insert into tbl_member_auth(userid, auth) values(?,?)) returned net.sf.log4jdbc.sql.jdbcapi.PreparedStatementSpy@70954965
WARN  [CustomNoOpPasswordEncoder:12] - before encode : pw8
INFO  [audit:175] - 1. PreparedStatement.setString(2, "pw8") returned 
INFO  [audit:175] - 1. PreparedStatement.setString(1, "user8") returned 
INFO  [audit:175] - 1. PreparedStatement.setString(2, "ROLE_USER") returned 
INFO  [sqlonly:228] - insert into tbl_member_auth(userid, auth) values('user8','ROLE_USER') 

INFO  [sqltiming:373] - insert into tbl_member_auth(userid, auth) values('user8','ROLE_USER') 
 {executed in 4 msec}
INFO  [audit:175] - 1. PreparedStatement.executeUpdate() returned 1
INFO  [audit:175] - 1. PreparedStatement.close() returned 
INFO  [audit:175] - 1. Connection.clearWarnings() returned 
INFO  [audit:175] - 1. PreparedStatement.new PreparedStatement returned 
INFO  [audit:175] - 1. Connection.prepareStatement(insert into tbl_member_auth(userid, auth) values(?,?)) returned net.sf.log4jdbc.sql.jdbcapi.PreparedStatementSpy@1c533bff
WARN  [CustomNoOpPasswordEncoder:12] - before encode : pw9
INFO  [audit:175] - 1. PreparedStatement.setString(2, "pw9") returned 
INFO  [audit:175] - 1. PreparedStatement.setString(1, "user9") returned 
INFO  [audit:175] - 1. PreparedStatement.setString(2, "ROLE_USER") returned 
INFO  [sqlonly:228] - insert into tbl_member_auth(userid, auth) values('user9','ROLE_USER') 

INFO  [sqltiming:373] - insert into tbl_member_auth(userid, auth) values('user9','ROLE_USER') 
 {executed in 4 msec}
INFO  [audit:175] - 1. PreparedStatement.executeUpdate() returned 1
INFO  [audit:175] - 1. PreparedStatement.close() returned 
INFO  [audit:175] - 1. Connection.clearWarnings() returned 
INFO  [audit:175] - 1. PreparedStatement.new PreparedStatement returned 
INFO  [audit:175] - 1. Connection.prepareStatement(insert into tbl_member_auth(userid, auth) values(?,?)) returned net.sf.log4jdbc.sql.jdbcapi.PreparedStatementSpy@6293619a
WARN  [CustomNoOpPasswordEncoder:12] - before encode : pw10
INFO  [audit:175] - 1. PreparedStatement.setString(2, "pw10") returned 
INFO  [audit:175] - 1. PreparedStatement.setString(1, "user10") returned 
INFO  [audit:175] - 1. PreparedStatement.setString(2, "ROLE_USER") returned 
INFO  [sqlonly:228] - insert into tbl_member_auth(userid, auth) values('user10','ROLE_USER') 

INFO  [sqltiming:373] - insert into tbl_member_auth(userid, auth) values('user10','ROLE_USER') 
 {executed in 4 msec}
INFO  [audit:175] - 1. PreparedStatement.executeUpdate() returned 1
INFO  [audit:175] - 1. PreparedStatement.close() returned 
INFO  [audit:175] - 1. Connection.clearWarnings() returned 
INFO  [audit:175] - 1. PreparedStatement.new PreparedStatement returned 
INFO  [audit:175] - 1. Connection.prepareStatement(insert into tbl_member_auth(userid, auth) values(?,?)) returned net.sf.log4jdbc.sql.jdbcapi.PreparedStatementSpy@3c060f5a
WARN  [CustomNoOpPasswordEncoder:12] - before encode : pw11
INFO  [audit:175] - 1. PreparedStatement.setString(2, "pw11") returned 
INFO  [audit:175] - 1. PreparedStatement.setString(1, "user11") returned 
INFO  [audit:175] - 1. PreparedStatement.setString(2, "ROLE_USER") returned 
INFO  [sqlonly:228] - insert into tbl_member_auth(userid, auth) values('user11','ROLE_USER') 

INFO  [sqltiming:373] - insert into tbl_member_auth(userid, auth) values('user11','ROLE_USER') 
 {executed in 4 msec}
INFO  [audit:175] - 1. PreparedStatement.executeUpdate() returned 1
INFO  [audit:175] - 1. PreparedStatement.close() returned 
INFO  [audit:175] - 1. Connection.clearWarnings() returned 
INFO  [audit:175] - 1. PreparedStatement.new PreparedStatement returned 
INFO  [audit:175] - 1. Connection.prepareStatement(insert into tbl_member_auth(userid, auth) values(?,?)) returned net.sf.log4jdbc.sql.jdbcapi.PreparedStatementSpy@6682a7de
WARN  [CustomNoOpPasswordEncoder:12] - before encode : pw12
INFO  [audit:175] - 1. PreparedStatement.setString(2, "pw12") returned 
INFO  [audit:175] - 1. PreparedStatement.setString(1, "user12") returned 
INFO  [audit:175] - 1. PreparedStatement.setString(2, "ROLE_USER") returned 
INFO  [sqlonly:228] - insert into tbl_member_auth(userid, auth) values('user12','ROLE_USER') 

INFO  [sqltiming:373] - insert into tbl_member_auth(userid, auth) values('user12','ROLE_USER') 
 {executed in 4 msec}
INFO  [audit:175] - 1. PreparedStatement.executeUpdate() returned 1
INFO  [audit:175] - 1. PreparedStatement.close() returned 
INFO  [audit:175] - 1. Connection.clearWarnings() returned 
INFO  [audit:175] - 1. PreparedStatement.new PreparedStatement returned 
INFO  [audit:175] - 1. Connection.prepareStatement(insert into tbl_member_auth(userid, auth) values(?,?)) returned net.sf.log4jdbc.sql.jdbcapi.PreparedStatementSpy@638bf432
WARN  [CustomNoOpPasswordEncoder:12] - before encode : pw13
INFO  [audit:175] - 1. PreparedStatement.setString(2, "pw13") returned 
INFO  [audit:175] - 1. PreparedStatement.setString(1, "user13") returned 
INFO  [audit:175] - 1. PreparedStatement.setString(2, "ROLE_USER") returned 
INFO  [sqlonly:228] - insert into tbl_member_auth(userid, auth) values('user13','ROLE_USER') 

INFO  [sqltiming:373] - insert into tbl_member_auth(userid, auth) values('user13','ROLE_USER') 
 {executed in 4 msec}
INFO  [audit:175] - 1. PreparedStatement.executeUpdate() returned 1
INFO  [audit:175] - 1. PreparedStatement.close() returned 
INFO  [audit:175] - 1. Connection.clearWarnings() returned 
INFO  [audit:175] - 1. PreparedStatement.new PreparedStatement returned 
INFO  [audit:175] - 1. Connection.prepareStatement(insert into tbl_member_auth(userid, auth) values(?,?)) returned net.sf.log4jdbc.sql.jdbcapi.PreparedStatementSpy@1a6dd668
WARN  [CustomNoOpPasswordEncoder:12] - before encode : pw14
INFO  [audit:175] - 1. PreparedStatement.setString(2, "pw14") returned 
INFO  [audit:175] - 1. PreparedStatement.setString(1, "user14") returned 
INFO  [audit:175] - 1. PreparedStatement.setString(2, "ROLE_USER") returned 
INFO  [sqlonly:228] - insert into tbl_member_auth(userid, auth) values('user14','ROLE_USER') 

INFO  [sqltiming:373] - insert into tbl_member_auth(userid, auth) values('user14','ROLE_USER') 
 {executed in 5 msec}
INFO  [audit:175] - 1. PreparedStatement.executeUpdate() returned 1
INFO  [audit:175] - 1. PreparedStatement.close() returned 
INFO  [audit:175] - 1. Connection.clearWarnings() returned 
INFO  [audit:175] - 1. PreparedStatement.new PreparedStatement returned 
INFO  [audit:175] - 1. Connection.prepareStatement(insert into tbl_member_auth(userid, auth) values(?,?)) returned net.sf.log4jdbc.sql.jdbcapi.PreparedStatementSpy@169d76a0
WARN  [CustomNoOpPasswordEncoder:12] - before encode : pw15
INFO  [audit:175] - 1. PreparedStatement.setString(2, "pw15") returned 
INFO  [audit:175] - 1. PreparedStatement.setString(1, "user15") returned 
INFO  [audit:175] - 1. PreparedStatement.setString(2, "ROLE_USER") returned 
INFO  [sqlonly:228] - insert into tbl_member_auth(userid, auth) values('user15','ROLE_USER') 

INFO  [sqltiming:373] - insert into tbl_member_auth(userid, auth) values('user15','ROLE_USER') 
 {executed in 4 msec}
INFO  [audit:175] - 1. PreparedStatement.executeUpdate() returned 1
INFO  [audit:175] - 1. PreparedStatement.close() returned 
INFO  [audit:175] - 1. Connection.clearWarnings() returned 
INFO  [audit:175] - 1. PreparedStatement.new PreparedStatement returned 
INFO  [audit:175] - 1. Connection.prepareStatement(insert into tbl_member_auth(userid, auth) values(?,?)) returned net.sf.log4jdbc.sql.jdbcapi.PreparedStatementSpy@65d28ffa
WARN  [CustomNoOpPasswordEncoder:12] - before encode : pw16
INFO  [audit:175] - 1. PreparedStatement.setString(2, "pw16") returned 
INFO  [audit:175] - 1. PreparedStatement.setString(1, "user16") returned 
INFO  [audit:175] - 1. PreparedStatement.setString(2, "ROLE_USER") returned 
INFO  [sqlonly:228] - insert into tbl_member_auth(userid, auth) values('user16','ROLE_USER') 

INFO  [sqltiming:373] - insert into tbl_member_auth(userid, auth) values('user16','ROLE_USER') 
 {executed in 4 msec}
INFO  [audit:175] - 1. PreparedStatement.executeUpdate() returned 1
INFO  [audit:175] - 1. PreparedStatement.close() returned 
INFO  [audit:175] - 1. Connection.clearWarnings() returned 
INFO  [audit:175] - 1. PreparedStatement.new PreparedStatement returned 
INFO  [audit:175] - 1. Connection.prepareStatement(insert into tbl_member_auth(userid, auth) values(?,?)) returned net.sf.log4jdbc.sql.jdbcapi.PreparedStatementSpy@59c4cd16
WARN  [CustomNoOpPasswordEncoder:12] - before encode : pw17
INFO  [audit:175] - 1. PreparedStatement.setString(2, "pw17") returned 
INFO  [audit:175] - 1. PreparedStatement.setString(1, "user17") returned 
INFO  [audit:175] - 1. PreparedStatement.setString(2, "ROLE_USER") returned 
INFO  [sqlonly:228] - insert into tbl_member_auth(userid, auth) values('user17','ROLE_USER') 

INFO  [sqltiming:373] - insert into tbl_member_auth(userid, auth) values('user17','ROLE_USER') 
 {executed in 4 msec}
INFO  [audit:175] - 1. PreparedStatement.executeUpdate() returned 1
INFO  [audit:175] - 1. PreparedStatement.close() returned 
INFO  [audit:175] - 1. Connection.clearWarnings() returned 
INFO  [audit:175] - 1. PreparedStatement.new PreparedStatement returned 
INFO  [audit:175] - 1. Connection.prepareStatement(insert into tbl_member_auth(userid, auth) values(?,?)) returned net.sf.log4jdbc.sql.jdbcapi.PreparedStatementSpy@2d6e8ed0
WARN  [CustomNoOpPasswordEncoder:12] - before encode : pw18
INFO  [audit:175] - 1. PreparedStatement.setString(2, "pw18") returned 
INFO  [audit:175] - 1. PreparedStatement.setString(1, "user18") returned 
INFO  [audit:175] - 1. PreparedStatement.setString(2, "ROLE_USER") returned 
INFO  [sqlonly:228] - insert into tbl_member_auth(userid, auth) values('user18','ROLE_USER') 

INFO  [sqltiming:373] - insert into tbl_member_auth(userid, auth) values('user18','ROLE_USER') 
 {executed in 5 msec}
INFO  [audit:175] - 1. PreparedStatement.executeUpdate() returned 1
INFO  [audit:175] - 1. PreparedStatement.close() returned 
INFO  [audit:175] - 1. Connection.clearWarnings() returned 
INFO  [audit:175] - 1. PreparedStatement.new PreparedStatement returned 
INFO  [audit:175] - 1. Connection.prepareStatement(insert into tbl_member_auth(userid, auth) values(?,?)) returned net.sf.log4jdbc.sql.jdbcapi.PreparedStatementSpy@503bd5ab
WARN  [CustomNoOpPasswordEncoder:12] - before encode : pw19
INFO  [audit:175] - 1. PreparedStatement.setString(2, "pw19") returned 
INFO  [audit:175] - 1. PreparedStatement.setString(1, "user19") returned 
INFO  [audit:175] - 1. PreparedStatement.setString(2, "ROLE_USER") returned 
INFO  [sqlonly:228] - insert into tbl_member_auth(userid, auth) values('user19','ROLE_USER') 

INFO  [sqltiming:373] - insert into tbl_member_auth(userid, auth) values('user19','ROLE_USER') 
 {executed in 4 msec}
INFO  [audit:175] - 1. PreparedStatement.executeUpdate() returned 1
INFO  [audit:175] - 1. PreparedStatement.close() returned 
INFO  [audit:175] - 1. Connection.clearWarnings() returned 
INFO  [audit:175] - 1. PreparedStatement.new PreparedStatement returned 
INFO  [audit:175] - 1. Connection.prepareStatement(insert into tbl_member_auth(userid, auth) values(?,?)) returned net.sf.log4jdbc.sql.jdbcapi.PreparedStatementSpy@21672d09
WARN  [CustomNoOpPasswordEncoder:12] - before encode : pw20
INFO  [audit:175] - 1. PreparedStatement.setString(2, "pw20") returned 
INFO  [audit:175] - 1. PreparedStatement.setString(1, "user20") returned 
INFO  [audit:175] - 1. PreparedStatement.setString(2, "ROLE_USER") returned 
INFO  [sqlonly:228] - insert into tbl_member_auth(userid, auth) values('user20','ROLE_USER') 

INFO  [sqltiming:373] - insert into tbl_member_auth(userid, auth) values('user20','ROLE_USER') 
 {executed in 4 msec}
INFO  [audit:175] - 1. PreparedStatement.executeUpdate() returned 1
INFO  [audit:175] - 1. PreparedStatement.close() returned 
INFO  [audit:175] - 1. Connection.clearWarnings() returned 
INFO  [audit:175] - 1. PreparedStatement.new PreparedStatement returned 
INFO  [audit:175] - 1. Connection.prepareStatement(insert into tbl_member_auth(userid, auth) values(?,?)) returned net.sf.log4jdbc.sql.jdbcapi.PreparedStatementSpy@5eb4e84e
WARN  [CustomNoOpPasswordEncoder:12] - before encode : pw21
INFO  [audit:175] - 1. PreparedStatement.setString(2, "pw21") returned 
INFO  [audit:175] - 1. PreparedStatement.setString(1, "user21") returned 
INFO  [audit:175] - 1. PreparedStatement.setString(2, "ROLE_USER") returned 
INFO  [sqlonly:228] - insert into tbl_member_auth(userid, auth) values('user21','ROLE_USER') 

INFO  [sqltiming:373] - insert into tbl_member_auth(userid, auth) values('user21','ROLE_USER') 
 {executed in 4 msec}
INFO  [audit:175] - 1. PreparedStatement.executeUpdate() returned 1
INFO  [audit:175] - 1. PreparedStatement.close() returned 
INFO  [audit:175] - 1. Connection.clearWarnings() returned 
INFO  [audit:175] - 1. PreparedStatement.new PreparedStatement returned 
INFO  [audit:175] - 1. Connection.prepareStatement(insert into tbl_member_auth(userid, auth) values(?,?)) returned net.sf.log4jdbc.sql.jdbcapi.PreparedStatementSpy@7f5e546
WARN  [CustomNoOpPasswordEncoder:12] - before encode : pw22
INFO  [audit:175] - 1. PreparedStatement.setString(2, "pw22") returned 
INFO  [audit:175] - 1. PreparedStatement.setString(1, "user22") returned 
INFO  [audit:175] - 1. PreparedStatement.setString(2, "ROLE_USER") returned 
INFO  [sqlonly:228] - insert into tbl_member_auth(userid, auth) values('user22','ROLE_USER') 

INFO  [sqltiming:373] - insert into tbl_member_auth(userid, auth) values('user22','ROLE_USER') 
 {executed in 5 msec}
INFO  [audit:175] - 1. PreparedStatement.executeUpdate() returned 1
INFO  [audit:175] - 1. PreparedStatement.close() returned 
INFO  [audit:175] - 1. Connection.clearWarnings() returned 
INFO  [audit:175] - 1. PreparedStatement.new PreparedStatement returned 
INFO  [audit:175] - 1. Connection.prepareStatement(insert into tbl_member_auth(userid, auth) values(?,?)) returned net.sf.log4jdbc.sql.jdbcapi.PreparedStatementSpy@9edee9e
WARN  [CustomNoOpPasswordEncoder:12] - before encode : pw23
INFO  [audit:175] - 1. PreparedStatement.setString(2, "pw23") returned 
INFO  [audit:175] - 1. PreparedStatement.setString(1, "user23") returned 
INFO  [audit:175] - 1. PreparedStatement.setString(2, "ROLE_USER") returned 
INFO  [sqlonly:228] - insert into tbl_member_auth(userid, auth) values('user23','ROLE_USER') 

INFO  [sqltiming:373] - insert into tbl_member_auth(userid, auth) values('user23','ROLE_USER') 
 {executed in 4 msec}
INFO  [audit:175] - 1. PreparedStatement.executeUpdate() returned 1
INFO  [audit:175] - 1. PreparedStatement.close() returned 
INFO  [audit:175] - 1. Connection.clearWarnings() returned 
INFO  [audit:175] - 1. PreparedStatement.new PreparedStatement returned 
INFO  [audit:175] - 1. Connection.prepareStatement(insert into tbl_member_auth(userid, auth) values(?,?)) returned net.sf.log4jdbc.sql.jdbcapi.PreparedStatementSpy@117a85cf
WARN  [CustomNoOpPasswordEncoder:12] - before encode : pw24
INFO  [audit:175] - 1. PreparedStatement.setString(2, "pw24") returned 
INFO  [audit:175] - 1. PreparedStatement.setString(1, "user24") returned 
INFO  [audit:175] - 1. PreparedStatement.setString(2, "ROLE_USER") returned 
INFO  [sqlonly:228] - insert into tbl_member_auth(userid, auth) values('user24','ROLE_USER') 

INFO  [sqltiming:373] - insert into tbl_member_auth(userid, auth) values('user24','ROLE_USER') 
 {executed in 4 msec}
INFO  [audit:175] - 1. PreparedStatement.executeUpdate() returned 1
INFO  [audit:175] - 1. PreparedStatement.close() returned 
INFO  [audit:175] - 1. Connection.clearWarnings() returned 
INFO  [audit:175] - 1. PreparedStatement.new PreparedStatement returned 
INFO  [audit:175] - 1. Connection.prepareStatement(insert into tbl_member_auth(userid, auth) values(?,?)) returned net.sf.log4jdbc.sql.jdbcapi.PreparedStatementSpy@68f5f936
WARN  [CustomNoOpPasswordEncoder:12] - before encode : pw25
INFO  [audit:175] - 1. PreparedStatement.setString(2, "pw25") returned 
INFO  [audit:175] - 1. PreparedStatement.setString(1, "user25") returned 
INFO  [audit:175] - 1. PreparedStatement.setString(2, "ROLE_USER") returned 
INFO  [sqlonly:228] - insert into tbl_member_auth(userid, auth) values('user25','ROLE_USER') 

INFO  [sqltiming:373] - insert into tbl_member_auth(userid, auth) values('user25','ROLE_USER') 
 {executed in 4 msec}
INFO  [audit:175] - 1. PreparedStatement.executeUpdate() returned 1
INFO  [audit:175] - 1. PreparedStatement.close() returned 
INFO  [audit:175] - 1. Connection.clearWarnings() returned 
INFO  [audit:175] - 1. PreparedStatement.new PreparedStatement returned 
INFO  [audit:175] - 1. Connection.prepareStatement(insert into tbl_member_auth(userid, auth) values(?,?)) returned net.sf.log4jdbc.sql.jdbcapi.PreparedStatementSpy@4002eebb
WARN  [CustomNoOpPasswordEncoder:12] - before encode : pw26
INFO  [audit:175] - 1. PreparedStatement.setString(2, "pw26") returned 
INFO  [audit:175] - 1. PreparedStatement.setString(1, "user26") returned 
INFO  [audit:175] - 1. PreparedStatement.setString(2, "ROLE_USER") returned 
INFO  [sqlonly:228] - insert into tbl_member_auth(userid, auth) values('user26','ROLE_USER') 

INFO  [sqltiming:373] - insert into tbl_member_auth(userid, auth) values('user26','ROLE_USER') 
 {executed in 4 msec}
INFO  [audit:175] - 1. PreparedStatement.executeUpdate() returned 1
INFO  [audit:175] - 1. PreparedStatement.close() returned 
INFO  [audit:175] - 1. Connection.clearWarnings() returned 
INFO  [audit:175] - 1. PreparedStatement.new PreparedStatement returned 
INFO  [audit:175] - 1. Connection.prepareStatement(insert into tbl_member_auth(userid, auth) values(?,?)) returned net.sf.log4jdbc.sql.jdbcapi.PreparedStatementSpy@26fd713b
WARN  [CustomNoOpPasswordEncoder:12] - before encode : pw27
INFO  [audit:175] - 1. PreparedStatement.setString(2, "pw27") returned 
INFO  [audit:175] - 1. PreparedStatement.setString(1, "user27") returned 
INFO  [audit:175] - 1. PreparedStatement.setString(2, "ROLE_USER") returned 
INFO  [sqlonly:228] - insert into tbl_member_auth(userid, auth) values('user27','ROLE_USER') 

INFO  [sqltiming:373] - insert into tbl_member_auth(userid, auth) values('user27','ROLE_USER') 
 {executed in 8 msec}
INFO  [audit:175] - 1. PreparedStatement.executeUpdate() returned 1
INFO  [audit:175] - 1. PreparedStatement.close() returned 
INFO  [audit:175] - 1. Connection.clearWarnings() returned 
INFO  [audit:175] - 1. PreparedStatement.new PreparedStatement returned 
INFO  [audit:175] - 1. Connection.prepareStatement(insert into tbl_member_auth(userid, auth) values(?,?)) returned net.sf.log4jdbc.sql.jdbcapi.PreparedStatementSpy@63ecccd6
WARN  [CustomNoOpPasswordEncoder:12] - before encode : pw28
INFO  [audit:175] - 1. PreparedStatement.setString(2, "pw28") returned 
INFO  [audit:175] - 1. PreparedStatement.setString(1, "user28") returned 
INFO  [audit:175] - 1. PreparedStatement.setString(2, "ROLE_USER") returned 
INFO  [sqlonly:228] - insert into tbl_member_auth(userid, auth) values('user28','ROLE_USER') 

INFO  [sqltiming:373] - insert into tbl_member_auth(userid, auth) values('user28','ROLE_USER') 
 {executed in 4 msec}
INFO  [audit:175] - 1. PreparedStatement.executeUpdate() returned 1
INFO  [audit:175] - 1. PreparedStatement.close() returned 
INFO  [audit:175] - 1. Connection.clearWarnings() returned 
INFO  [audit:175] - 1. PreparedStatement.new PreparedStatement returned 
INFO  [audit:175] - 1. Connection.prepareStatement(insert into tbl_member_auth(userid, auth) values(?,?)) returned net.sf.log4jdbc.sql.jdbcapi.PreparedStatementSpy@2497a5d4
WARN  [CustomNoOpPasswordEncoder:12] - before encode : pw29
INFO  [audit:175] - 1. PreparedStatement.setString(2, "pw29") returned 
INFO  [audit:175] - 1. PreparedStatement.setString(1, "user29") returned 
INFO  [audit:175] - 1. PreparedStatement.setString(2, "ROLE_USER") returned 
INFO  [sqlonly:228] - insert into tbl_member_auth(userid, auth) values('user29','ROLE_USER') 

INFO  [sqltiming:373] - insert into tbl_member_auth(userid, auth) values('user29','ROLE_USER') 
 {executed in 4 msec}
INFO  [audit:175] - 1. PreparedStatement.executeUpdate() returned 1
INFO  [audit:175] - 1. PreparedStatement.close() returned 
INFO  [audit:175] - 1. Connection.clearWarnings() returned 
INFO  [audit:175] - 1. PreparedStatement.new PreparedStatement returned 
INFO  [audit:175] - 1. Connection.prepareStatement(insert into tbl_member_auth(userid, auth) values(?,?)) returned net.sf.log4jdbc.sql.jdbcapi.PreparedStatementSpy@7337f0cb
WARN  [CustomNoOpPasswordEncoder:12] - before encode : pw30
INFO  [audit:175] - 1. PreparedStatement.setString(2, "pw30") returned 
INFO  [audit:175] - 1. PreparedStatement.setString(1, "user30") returned 
INFO  [audit:175] - 1. PreparedStatement.setString(2, "ROLE_USER") returned 
INFO  [sqlonly:228] - insert into tbl_member_auth(userid, auth) values('user30','ROLE_USER') 

INFO  [sqltiming:373] - insert into tbl_member_auth(userid, auth) values('user30','ROLE_USER') 
 {executed in 4 msec}
INFO  [audit:175] - 1. PreparedStatement.executeUpdate() returned 1
INFO  [audit:175] - 1. PreparedStatement.close() returned 
INFO  [audit:175] - 1. Connection.clearWarnings() returned 
INFO  [audit:175] - 1. PreparedStatement.new PreparedStatement returned 
INFO  [audit:175] - 1. Connection.prepareStatement(insert into tbl_member_auth(userid, auth) values(?,?)) returned net.sf.log4jdbc.sql.jdbcapi.PreparedStatementSpy@3e0e233f
WARN  [CustomNoOpPasswordEncoder:12] - before encode : pw31
INFO  [audit:175] - 1. PreparedStatement.setString(2, "pw31") returned 
INFO  [audit:175] - 1. PreparedStatement.setString(1, "user31") returned 
INFO  [audit:175] - 1. PreparedStatement.setString(2, "ROLE_USER") returned 
INFO  [sqlonly:228] - insert into tbl_member_auth(userid, auth) values('user31','ROLE_USER') 

INFO  [sqltiming:373] - insert into tbl_member_auth(userid, auth) values('user31','ROLE_USER') 
 {executed in 4 msec}
INFO  [audit:175] - 1. PreparedStatement.executeUpdate() returned 1
INFO  [audit:175] - 1. PreparedStatement.close() returned 
INFO  [audit:175] - 1. Connection.clearWarnings() returned 
INFO  [audit:175] - 1. PreparedStatement.new PreparedStatement returned 
INFO  [audit:175] - 1. Connection.prepareStatement(insert into tbl_member_auth(userid, auth) values(?,?)) returned net.sf.log4jdbc.sql.jdbcapi.PreparedStatementSpy@3b01d254
WARN  [CustomNoOpPasswordEncoder:12] - before encode : pw32
INFO  [audit:175] - 1. PreparedStatement.setString(2, "pw32") returned 
INFO  [audit:175] - 1. PreparedStatement.setString(1, "user32") returned 
INFO  [audit:175] - 1. PreparedStatement.setString(2, "ROLE_USER") returned 
INFO  [sqlonly:228] - insert into tbl_member_auth(userid, auth) values('user32','ROLE_USER') 

INFO  [sqltiming:373] - insert into tbl_member_auth(userid, auth) values('user32','ROLE_USER') 
 {executed in 4 msec}
INFO  [audit:175] - 1. PreparedStatement.executeUpdate() returned 1
INFO  [audit:175] - 1. PreparedStatement.close() returned 
INFO  [audit:175] - 1. Connection.clearWarnings() returned 
INFO  [audit:175] - 1. PreparedStatement.new PreparedStatement returned 
INFO  [audit:175] - 1. Connection.prepareStatement(insert into tbl_member_auth(userid, auth) values(?,?)) returned net.sf.log4jdbc.sql.jdbcapi.PreparedStatementSpy@22a179e5
WARN  [CustomNoOpPasswordEncoder:12] - before encode : pw33
INFO  [audit:175] - 1. PreparedStatement.setString(2, "pw33") returned 
INFO  [audit:175] - 1. PreparedStatement.setString(1, "user33") returned 
INFO  [audit:175] - 1. PreparedStatement.setString(2, "ROLE_USER") returned 
INFO  [sqlonly:228] - insert into tbl_member_auth(userid, auth) values('user33','ROLE_USER') 

INFO  [sqltiming:373] - insert into tbl_member_auth(userid, auth) values('user33','ROLE_USER') 
 {executed in 4 msec}
INFO  [audit:175] - 1. PreparedStatement.executeUpdate() returned 1
INFO  [audit:175] - 1. PreparedStatement.close() returned 
INFO  [audit:175] - 1. Connection.clearWarnings() returned 
INFO  [audit:175] - 1. PreparedStatement.new PreparedStatement returned 
INFO  [audit:175] - 1. Connection.prepareStatement(insert into tbl_member_auth(userid, auth) values(?,?)) returned net.sf.log4jdbc.sql.jdbcapi.PreparedStatementSpy@6edc74d2
WARN  [CustomNoOpPasswordEncoder:12] - before encode : pw34
INFO  [audit:175] - 1. PreparedStatement.setString(2, "pw34") returned 
INFO  [audit:175] - 1. PreparedStatement.setString(1, "user34") returned 
INFO  [audit:175] - 1. PreparedStatement.setString(2, "ROLE_USER") returned 
INFO  [sqlonly:228] - insert into tbl_member_auth(userid, auth) values('user34','ROLE_USER') 

INFO  [sqltiming:373] - insert into tbl_member_auth(userid, auth) values('user34','ROLE_USER') 
 {executed in 4 msec}
INFO  [audit:175] - 1. PreparedStatement.executeUpdate() returned 1
INFO  [audit:175] - 1. PreparedStatement.close() returned 
INFO  [audit:175] - 1. Connection.clearWarnings() returned 
INFO  [audit:175] - 1. PreparedStatement.new PreparedStatement returned 
INFO  [audit:175] - 1. Connection.prepareStatement(insert into tbl_member_auth(userid, auth) values(?,?)) returned net.sf.log4jdbc.sql.jdbcapi.PreparedStatementSpy@2184b5ed
WARN  [CustomNoOpPasswordEncoder:12] - before encode : pw35
INFO  [audit:175] - 1. PreparedStatement.setString(2, "pw35") returned 
INFO  [audit:175] - 1. PreparedStatement.setString(1, "user35") returned 
INFO  [audit:175] - 1. PreparedStatement.setString(2, "ROLE_USER") returned 
INFO  [sqlonly:228] - insert into tbl_member_auth(userid, auth) values('user35','ROLE_USER') 

INFO  [sqltiming:373] - insert into tbl_member_auth(userid, auth) values('user35','ROLE_USER') 
 {executed in 4 msec}
INFO  [audit:175] - 1. PreparedStatement.executeUpdate() returned 1
INFO  [audit:175] - 1. PreparedStatement.close() returned 
INFO  [audit:175] - 1. Connection.clearWarnings() returned 
INFO  [audit:175] - 1. PreparedStatement.new PreparedStatement returned 
INFO  [audit:175] - 1. Connection.prepareStatement(insert into tbl_member_auth(userid, auth) values(?,?)) returned net.sf.log4jdbc.sql.jdbcapi.PreparedStatementSpy@14a250fb
WARN  [CustomNoOpPasswordEncoder:12] - before encode : pw36
INFO  [audit:175] - 1. PreparedStatement.setString(2, "pw36") returned 
INFO  [audit:175] - 1. PreparedStatement.setString(1, "user36") returned 
INFO  [audit:175] - 1. PreparedStatement.setString(2, "ROLE_USER") returned 
INFO  [sqlonly:228] - insert into tbl_member_auth(userid, auth) values('user36','ROLE_USER') 

INFO  [sqltiming:373] - insert into tbl_member_auth(userid, auth) values('user36','ROLE_USER') 
 {executed in 4 msec}
INFO  [audit:175] - 1. PreparedStatement.executeUpdate() returned 1
INFO  [audit:175] - 1. PreparedStatement.close() returned 
INFO  [audit:175] - 1. Connection.clearWarnings() returned 
INFO  [audit:175] - 1. PreparedStatement.new PreparedStatement returned 
INFO  [audit:175] - 1. Connection.prepareStatement(insert into tbl_member_auth(userid, auth) values(?,?)) returned net.sf.log4jdbc.sql.jdbcapi.PreparedStatementSpy@3d657ddb
WARN  [CustomNoOpPasswordEncoder:12] - before encode : pw37
INFO  [audit:175] - 1. PreparedStatement.setString(2, "pw37") returned 
INFO  [audit:175] - 1. PreparedStatement.setString(1, "user37") returned 
INFO  [audit:175] - 1. PreparedStatement.setString(2, "ROLE_USER") returned 
INFO  [sqlonly:228] - insert into tbl_member_auth(userid, auth) values('user37','ROLE_USER') 

INFO  [sqltiming:373] - insert into tbl_member_auth(userid, auth) values('user37','ROLE_USER') 
 {executed in 4 msec}
INFO  [audit:175] - 1. PreparedStatement.executeUpdate() returned 1
INFO  [audit:175] - 1. PreparedStatement.close() returned 
INFO  [audit:175] - 1. Connection.clearWarnings() returned 
INFO  [audit:175] - 1. PreparedStatement.new PreparedStatement returned 
INFO  [audit:175] - 1. Connection.prepareStatement(insert into tbl_member_auth(userid, auth) values(?,?)) returned net.sf.log4jdbc.sql.jdbcapi.PreparedStatementSpy@3092e441
WARN  [CustomNoOpPasswordEncoder:12] - before encode : pw38
INFO  [audit:175] - 1. PreparedStatement.setString(2, "pw38") returned 
INFO  [audit:175] - 1. PreparedStatement.setString(1, "user38") returned 
INFO  [audit:175] - 1. PreparedStatement.setString(2, "ROLE_USER") returned 
INFO  [sqlonly:228] - insert into tbl_member_auth(userid, auth) values('user38','ROLE_USER') 

INFO  [sqltiming:373] - insert into tbl_member_auth(userid, auth) values('user38','ROLE_USER') 
 {executed in 4 msec}
INFO  [audit:175] - 1. PreparedStatement.executeUpdate() returned 1
INFO  [audit:175] - 1. PreparedStatement.close() returned 
INFO  [audit:175] - 1. Connection.clearWarnings() returned 
INFO  [audit:175] - 1. PreparedStatement.new PreparedStatement returned 
INFO  [audit:175] - 1. Connection.prepareStatement(insert into tbl_member_auth(userid, auth) values(?,?)) returned net.sf.log4jdbc.sql.jdbcapi.PreparedStatementSpy@34bd0463
WARN  [CustomNoOpPasswordEncoder:12] - before encode : pw39
INFO  [audit:175] - 1. PreparedStatement.setString(2, "pw39") returned 
INFO  [audit:175] - 1. PreparedStatement.setString(1, "user39") returned 
INFO  [audit:175] - 1. PreparedStatement.setString(2, "ROLE_USER") returned 
INFO  [sqlonly:228] - insert into tbl_member_auth(userid, auth) values('user39','ROLE_USER') 

INFO  [sqltiming:373] - insert into tbl_member_auth(userid, auth) values('user39','ROLE_USER') 
 {executed in 4 msec}
INFO  [audit:175] - 1. PreparedStatement.executeUpdate() returned 1
INFO  [audit:175] - 1. PreparedStatement.close() returned 
INFO  [audit:175] - 1. Connection.clearWarnings() returned 
INFO  [audit:175] - 1. PreparedStatement.new PreparedStatement returned 
INFO  [audit:175] - 1. Connection.prepareStatement(insert into tbl_member_auth(userid, auth) values(?,?)) returned net.sf.log4jdbc.sql.jdbcapi.PreparedStatementSpy@321ebf87
WARN  [CustomNoOpPasswordEncoder:12] - before encode : pw40
INFO  [audit:175] - 1. PreparedStatement.setString(2, "pw40") returned 
INFO  [audit:175] - 1. PreparedStatement.setString(1, "user40") returned 
INFO  [audit:175] - 1. PreparedStatement.setString(2, "ROLE_USER") returned 
INFO  [sqlonly:228] - insert into tbl_member_auth(userid, auth) values('user40','ROLE_USER') 

INFO  [sqltiming:373] - insert into tbl_member_auth(userid, auth) values('user40','ROLE_USER') 
 {executed in 4 msec}
INFO  [audit:175] - 1. PreparedStatement.executeUpdate() returned 1
INFO  [audit:175] - 1. PreparedStatement.close() returned 
INFO  [audit:175] - 1. Connection.clearWarnings() returned 
INFO  [audit:175] - 1. PreparedStatement.new PreparedStatement returned 
INFO  [audit:175] - 1. Connection.prepareStatement(insert into tbl_member_auth(userid, auth) values(?,?)) returned net.sf.log4jdbc.sql.jdbcapi.PreparedStatementSpy@248397ba
WARN  [CustomNoOpPasswordEncoder:12] - before encode : pw41
INFO  [audit:175] - 1. PreparedStatement.setString(2, "pw41") returned 
INFO  [audit:175] - 1. PreparedStatement.setString(1, "user41") returned 
INFO  [audit:175] - 1. PreparedStatement.setString(2, "ROLE_USER") returned 
INFO  [sqlonly:228] - insert into tbl_member_auth(userid, auth) values('user41','ROLE_USER') 

INFO  [sqltiming:373] - insert into tbl_member_auth(userid, auth) values('user41','ROLE_USER') 
 {executed in 4 msec}
INFO  [audit:175] - 1. PreparedStatement.executeUpdate() returned 1
INFO  [audit:175] - 1. PreparedStatement.close() returned 
INFO  [audit:175] - 1. Connection.clearWarnings() returned 
INFO  [audit:175] - 1. PreparedStatement.new PreparedStatement returned 
INFO  [audit:175] - 1. Connection.prepareStatement(insert into tbl_member_auth(userid, auth) values(?,?)) returned net.sf.log4jdbc.sql.jdbcapi.PreparedStatementSpy@314cf87
WARN  [CustomNoOpPasswordEncoder:12] - before encode : pw42
INFO  [audit:175] - 1. PreparedStatement.setString(2, "pw42") returned 
INFO  [audit:175] - 1. PreparedStatement.setString(1, "user42") returned 
INFO  [audit:175] - 1. PreparedStatement.setString(2, "ROLE_USER") returned 
INFO  [sqlonly:228] - insert into tbl_member_auth(userid, auth) values('user42','ROLE_USER') 

INFO  [sqltiming:373] - insert into tbl_member_auth(userid, auth) values('user42','ROLE_USER') 
 {executed in 4 msec}
INFO  [audit:175] - 1. PreparedStatement.executeUpdate() returned 1
INFO  [audit:175] - 1. PreparedStatement.close() returned 
INFO  [audit:175] - 1. Connection.clearWarnings() returned 
INFO  [audit:175] - 1. PreparedStatement.new PreparedStatement returned 
INFO  [audit:175] - 1. Connection.prepareStatement(insert into tbl_member_auth(userid, auth) values(?,?)) returned net.sf.log4jdbc.sql.jdbcapi.PreparedStatementSpy@5fd64d9a
WARN  [CustomNoOpPasswordEncoder:12] - before encode : pw43
INFO  [audit:175] - 1. PreparedStatement.setString(2, "pw43") returned 
INFO  [audit:175] - 1. PreparedStatement.setString(1, "user43") returned 
INFO  [audit:175] - 1. PreparedStatement.setString(2, "ROLE_USER") returned 
INFO  [sqlonly:228] - insert into tbl_member_auth(userid, auth) values('user43','ROLE_USER') 

INFO  [sqltiming:373] - insert into tbl_member_auth(userid, auth) values('user43','ROLE_USER') 
 {executed in 4 msec}
INFO  [audit:175] - 1. PreparedStatement.executeUpdate() returned 1
INFO  [audit:175] - 1. PreparedStatement.close() returned 
INFO  [audit:175] - 1. Connection.clearWarnings() returned 
INFO  [audit:175] - 1. PreparedStatement.new PreparedStatement returned 
INFO  [audit:175] - 1. Connection.prepareStatement(insert into tbl_member_auth(userid, auth) values(?,?)) returned net.sf.log4jdbc.sql.jdbcapi.PreparedStatementSpy@18f32360
WARN  [CustomNoOpPasswordEncoder:12] - before encode : pw44
INFO  [audit:175] - 1. PreparedStatement.setString(2, "pw44") returned 
INFO  [audit:175] - 1. PreparedStatement.setString(1, "user44") returned 
INFO  [audit:175] - 1. PreparedStatement.setString(2, "ROLE_USER") returned 
INFO  [sqlonly:228] - insert into tbl_member_auth(userid, auth) values('user44','ROLE_USER') 

INFO  [sqltiming:373] - insert into tbl_member_auth(userid, auth) values('user44','ROLE_USER') 
 {executed in 4 msec}
INFO  [audit:175] - 1. PreparedStatement.executeUpdate() returned 1
INFO  [audit:175] - 1. PreparedStatement.close() returned 
INFO  [audit:175] - 1. Connection.clearWarnings() returned 
INFO  [audit:175] - 1. PreparedStatement.new PreparedStatement returned 
INFO  [audit:175] - 1. Connection.prepareStatement(insert into tbl_member_auth(userid, auth) values(?,?)) returned net.sf.log4jdbc.sql.jdbcapi.PreparedStatementSpy@20f54983
WARN  [CustomNoOpPasswordEncoder:12] - before encode : pw45
INFO  [audit:175] - 1. PreparedStatement.setString(2, "pw45") returned 
INFO  [audit:175] - 1. PreparedStatement.setString(1, "user45") returned 
INFO  [audit:175] - 1. PreparedStatement.setString(2, "ROLE_USER") returned 
INFO  [sqlonly:228] - insert into tbl_member_auth(userid, auth) values('user45','ROLE_USER') 

INFO  [sqltiming:373] - insert into tbl_member_auth(userid, auth) values('user45','ROLE_USER') 
 {executed in 4 msec}
INFO  [audit:175] - 1. PreparedStatement.executeUpdate() returned 1
INFO  [audit:175] - 1. PreparedStatement.close() returned 
INFO  [audit:175] - 1. Connection.clearWarnings() returned 
INFO  [audit:175] - 1. PreparedStatement.new PreparedStatement returned 
INFO  [audit:175] - 1. Connection.prepareStatement(insert into tbl_member_auth(userid, auth) values(?,?)) returned net.sf.log4jdbc.sql.jdbcapi.PreparedStatementSpy@538c2ed
WARN  [CustomNoOpPasswordEncoder:12] - before encode : pw46
INFO  [audit:175] - 1. PreparedStatement.setString(2, "pw46") returned 
INFO  [audit:175] - 1. PreparedStatement.setString(1, "user46") returned 
INFO  [audit:175] - 1. PreparedStatement.setString(2, "ROLE_USER") returned 
INFO  [sqlonly:228] - insert into tbl_member_auth(userid, auth) values('user46','ROLE_USER') 

INFO  [sqltiming:373] - insert into tbl_member_auth(userid, auth) values('user46','ROLE_USER') 
 {executed in 5 msec}
INFO  [audit:175] - 1. PreparedStatement.executeUpdate() returned 1
INFO  [audit:175] - 1. PreparedStatement.close() returned 
INFO  [audit:175] - 1. Connection.clearWarnings() returned 
INFO  [audit:175] - 1. PreparedStatement.new PreparedStatement returned 
INFO  [audit:175] - 1. Connection.prepareStatement(insert into tbl_member_auth(userid, auth) values(?,?)) returned net.sf.log4jdbc.sql.jdbcapi.PreparedStatementSpy@686fe54d
WARN  [CustomNoOpPasswordEncoder:12] - before encode : pw47
INFO  [audit:175] - 1. PreparedStatement.setString(2, "pw47") returned 
INFO  [audit:175] - 1. PreparedStatement.setString(1, "user47") returned 
INFO  [audit:175] - 1. PreparedStatement.setString(2, "ROLE_USER") returned 
INFO  [sqlonly:228] - insert into tbl_member_auth(userid, auth) values('user47','ROLE_USER') 

INFO  [sqltiming:373] - insert into tbl_member_auth(userid, auth) values('user47','ROLE_USER') 
 {executed in 3 msec}
INFO  [audit:175] - 1. PreparedStatement.executeUpdate() returned 1
INFO  [audit:175] - 1. PreparedStatement.close() returned 
INFO  [audit:175] - 1. Connection.clearWarnings() returned 
INFO  [audit:175] - 1. PreparedStatement.new PreparedStatement returned 
INFO  [audit:175] - 1. Connection.prepareStatement(insert into tbl_member_auth(userid, auth) values(?,?)) returned net.sf.log4jdbc.sql.jdbcapi.PreparedStatementSpy@69863303
WARN  [CustomNoOpPasswordEncoder:12] - before encode : pw48
INFO  [audit:175] - 1. PreparedStatement.setString(2, "pw48") returned 
INFO  [audit:175] - 1. PreparedStatement.setString(1, "user48") returned 
INFO  [audit:175] - 1. PreparedStatement.setString(2, "ROLE_USER") returned 
INFO  [sqlonly:228] - insert into tbl_member_auth(userid, auth) values('user48','ROLE_USER') 

INFO  [sqltiming:373] - insert into tbl_member_auth(userid, auth) values('user48','ROLE_USER') 
 {executed in 5 msec}
INFO  [audit:175] - 1. PreparedStatement.executeUpdate() returned 1
INFO  [audit:175] - 1. PreparedStatement.close() returned 
INFO  [audit:175] - 1. Connection.clearWarnings() returned 
INFO  [audit:175] - 1. PreparedStatement.new PreparedStatement returned 
INFO  [audit:175] - 1. Connection.prepareStatement(insert into tbl_member_auth(userid, auth) values(?,?)) returned net.sf.log4jdbc.sql.jdbcapi.PreparedStatementSpy@6335c6e1
WARN  [CustomNoOpPasswordEncoder:12] - before encode : pw49
INFO  [audit:175] - 1. PreparedStatement.setString(2, "pw49") returned 
INFO  [audit:175] - 1. PreparedStatement.setString(1, "user49") returned 
INFO  [audit:175] - 1. PreparedStatement.setString(2, "ROLE_USER") returned 
INFO  [sqlonly:228] - insert into tbl_member_auth(userid, auth) values('user49','ROLE_USER') 

INFO  [sqltiming:373] - insert into tbl_member_auth(userid, auth) values('user49','ROLE_USER') 
 {executed in 4 msec}
INFO  [audit:175] - 1. PreparedStatement.executeUpdate() returned 1
INFO  [audit:175] - 1. PreparedStatement.close() returned 
INFO  [audit:175] - 1. Connection.clearWarnings() returned 
INFO  [audit:175] - 1. PreparedStatement.new PreparedStatement returned 
INFO  [audit:175] - 1. Connection.prepareStatement(insert into tbl_member_auth(userid, auth) values(?,?)) returned net.sf.log4jdbc.sql.jdbcapi.PreparedStatementSpy@20d95fc0
WARN  [CustomNoOpPasswordEncoder:12] - before encode : pw50
INFO  [audit:175] - 1. PreparedStatement.setString(2, "pw50") returned 
INFO  [audit:175] - 1. PreparedStatement.setString(1, "user50") returned 
INFO  [audit:175] - 1. PreparedStatement.setString(2, "ROLE_USER") returned 
INFO  [sqlonly:228] - insert into tbl_member_auth(userid, auth) values('user50','ROLE_USER') 

INFO  [sqltiming:373] - insert into tbl_member_auth(userid, auth) values('user50','ROLE_USER') 
 {executed in 4 msec}
INFO  [audit:175] - 1. PreparedStatement.executeUpdate() returned 1
INFO  [audit:175] - 1. PreparedStatement.close() returned 
INFO  [audit:175] - 1. Connection.clearWarnings() returned 
INFO  [audit:175] - 1. PreparedStatement.new PreparedStatement returned 
INFO  [audit:175] - 1. Connection.prepareStatement(insert into tbl_member_auth(userid, auth) values(?,?)) returned net.sf.log4jdbc.sql.jdbcapi.PreparedStatementSpy@370b931b
WARN  [CustomNoOpPasswordEncoder:12] - before encode : pw51
INFO  [audit:175] - 1. PreparedStatement.setString(2, "pw51") returned 
INFO  [audit:175] - 1. PreparedStatement.setString(1, "user51") returned 
INFO  [audit:175] - 1. PreparedStatement.setString(2, "ROLE_USER") returned 
INFO  [sqlonly:228] - insert into tbl_member_auth(userid, auth) values('user51','ROLE_USER') 

INFO  [sqltiming:373] - insert into tbl_member_auth(userid, auth) values('user51','ROLE_USER') 
 {executed in 4 msec}
INFO  [audit:175] - 1. PreparedStatement.executeUpdate() returned 1
INFO  [audit:175] - 1. PreparedStatement.close() returned 
INFO  [audit:175] - 1. Connection.clearWarnings() returned 
INFO  [audit:175] - 1. PreparedStatement.new PreparedStatement returned 
INFO  [audit:175] - 1. Connection.prepareStatement(insert into tbl_member_auth(userid, auth) values(?,?)) returned net.sf.log4jdbc.sql.jdbcapi.PreparedStatementSpy@6fcdb0d2
WARN  [CustomNoOpPasswordEncoder:12] - before encode : pw52
INFO  [audit:175] - 1. PreparedStatement.setString(2, "pw52") returned 
INFO  [audit:175] - 1. PreparedStatement.setString(1, "user52") returned 
INFO  [audit:175] - 1. PreparedStatement.setString(2, "ROLE_USER") returned 
INFO  [sqlonly:228] - insert into tbl_member_auth(userid, auth) values('user52','ROLE_USER') 

INFO  [sqltiming:373] - insert into tbl_member_auth(userid, auth) values('user52','ROLE_USER') 
 {executed in 5 msec}
INFO  [audit:175] - 1. PreparedStatement.executeUpdate() returned 1
INFO  [audit:175] - 1. PreparedStatement.close() returned 
INFO  [audit:175] - 1. Connection.clearWarnings() returned 
INFO  [audit:175] - 1. PreparedStatement.new PreparedStatement returned 
INFO  [audit:175] - 1. Connection.prepareStatement(insert into tbl_member_auth(userid, auth) values(?,?)) returned net.sf.log4jdbc.sql.jdbcapi.PreparedStatementSpy@22827104
WARN  [CustomNoOpPasswordEncoder:12] - before encode : pw53
INFO  [audit:175] - 1. PreparedStatement.setString(2, "pw53") returned 
INFO  [audit:175] - 1. PreparedStatement.setString(1, "user53") returned 
INFO  [audit:175] - 1. PreparedStatement.setString(2, "ROLE_USER") returned 
INFO  [sqlonly:228] - insert into tbl_member_auth(userid, auth) values('user53','ROLE_USER') 

INFO  [sqltiming:373] - insert into tbl_member_auth(userid, auth) values('user53','ROLE_USER') 
 {executed in 4 msec}
INFO  [audit:175] - 1. PreparedStatement.executeUpdate() returned 1
INFO  [audit:175] - 1. PreparedStatement.close() returned 
INFO  [audit:175] - 1. Connection.clearWarnings() returned 
INFO  [audit:175] - 1. PreparedStatement.new PreparedStatement returned 
INFO  [audit:175] - 1. Connection.prepareStatement(insert into tbl_member_auth(userid, auth) values(?,?)) returned net.sf.log4jdbc.sql.jdbcapi.PreparedStatementSpy@484f0dcb
WARN  [CustomNoOpPasswordEncoder:12] - before encode : pw54
INFO  [audit:175] - 1. PreparedStatement.setString(2, "pw54") returned 
INFO  [audit:175] - 1. PreparedStatement.setString(1, "user54") returned 
INFO  [audit:175] - 1. PreparedStatement.setString(2, "ROLE_USER") returned 
INFO  [sqlonly:228] - insert into tbl_member_auth(userid, auth) values('user54','ROLE_USER') 

INFO  [sqltiming:373] - insert into tbl_member_auth(userid, auth) values('user54','ROLE_USER') 
 {executed in 4 msec}
INFO  [audit:175] - 1. PreparedStatement.executeUpdate() returned 1
INFO  [audit:175] - 1. PreparedStatement.close() returned 
INFO  [audit:175] - 1. Connection.clearWarnings() returned 
INFO  [audit:175] - 1. PreparedStatement.new PreparedStatement returned 
INFO  [audit:175] - 1. Connection.prepareStatement(insert into tbl_member_auth(userid, auth) values(?,?)) returned net.sf.log4jdbc.sql.jdbcapi.PreparedStatementSpy@2337cc92
WARN  [CustomNoOpPasswordEncoder:12] - before encode : pw55
INFO  [audit:175] - 1. PreparedStatement.setString(2, "pw55") returned 
INFO  [audit:175] - 1. PreparedStatement.setString(1, "user55") returned 
INFO  [audit:175] - 1. PreparedStatement.setString(2, "ROLE_USER") returned 
INFO  [sqlonly:228] - insert into tbl_member_auth(userid, auth) values('user55','ROLE_USER') 

INFO  [sqltiming:373] - insert into tbl_member_auth(userid, auth) values('user55','ROLE_USER') 
 {executed in 4 msec}
INFO  [audit:175] - 1. PreparedStatement.executeUpdate() returned 1
INFO  [audit:175] - 1. PreparedStatement.close() returned 
INFO  [audit:175] - 1. Connection.clearWarnings() returned 
INFO  [audit:175] - 1. PreparedStatement.new PreparedStatement returned 
INFO  [audit:175] - 1. Connection.prepareStatement(insert into tbl_member_auth(userid, auth) values(?,?)) returned net.sf.log4jdbc.sql.jdbcapi.PreparedStatementSpy@217ea306
WARN  [CustomNoOpPasswordEncoder:12] - before encode : pw56
INFO  [audit:175] - 1. PreparedStatement.setString(2, "pw56") returned 
INFO  [audit:175] - 1. PreparedStatement.setString(1, "user56") returned 
INFO  [audit:175] - 1. PreparedStatement.setString(2, "ROLE_USER") returned 
INFO  [sqlonly:228] - insert into tbl_member_auth(userid, auth) values('user56','ROLE_USER') 

INFO  [sqltiming:373] - insert into tbl_member_auth(userid, auth) values('user56','ROLE_USER') 
 {executed in 4 msec}
INFO  [audit:175] - 1. PreparedStatement.executeUpdate() returned 1
INFO  [audit:175] - 1. PreparedStatement.close() returned 
INFO  [audit:175] - 1. Connection.clearWarnings() returned 
INFO  [audit:175] - 1. PreparedStatement.new PreparedStatement returned 
INFO  [audit:175] - 1. Connection.prepareStatement(insert into tbl_member_auth(userid, auth) values(?,?)) returned net.sf.log4jdbc.sql.jdbcapi.PreparedStatementSpy@1045fc7c
WARN  [CustomNoOpPasswordEncoder:12] - before encode : pw57
INFO  [audit:175] - 1. PreparedStatement.setString(2, "pw57") returned 
INFO  [audit:175] - 1. PreparedStatement.setString(1, "user57") returned 
INFO  [audit:175] - 1. PreparedStatement.setString(2, "ROLE_USER") returned 
INFO  [sqlonly:228] - insert into tbl_member_auth(userid, auth) values('user57','ROLE_USER') 

INFO  [sqltiming:373] - insert into tbl_member_auth(userid, auth) values('user57','ROLE_USER') 
 {executed in 4 msec}
INFO  [audit:175] - 1. PreparedStatement.executeUpdate() returned 1
INFO  [audit:175] - 1. PreparedStatement.close() returned 
INFO  [audit:175] - 1. Connection.clearWarnings() returned 
INFO  [audit:175] - 1. PreparedStatement.new PreparedStatement returned 
INFO  [audit:175] - 1. Connection.prepareStatement(insert into tbl_member_auth(userid, auth) values(?,?)) returned net.sf.log4jdbc.sql.jdbcapi.PreparedStatementSpy@20d48aea
WARN  [CustomNoOpPasswordEncoder:12] - before encode : pw58
INFO  [audit:175] - 1. PreparedStatement.setString(2, "pw58") returned 
INFO  [audit:175] - 1. PreparedStatement.setString(1, "user58") returned 
INFO  [audit:175] - 1. PreparedStatement.setString(2, "ROLE_USER") returned 
INFO  [sqlonly:228] - insert into tbl_member_auth(userid, auth) values('user58','ROLE_USER') 

INFO  [sqltiming:373] - insert into tbl_member_auth(userid, auth) values('user58','ROLE_USER') 
 {executed in 4 msec}
INFO  [audit:175] - 1. PreparedStatement.executeUpdate() returned 1
INFO  [audit:175] - 1. PreparedStatement.close() returned 
INFO  [audit:175] - 1. Connection.clearWarnings() returned 
INFO  [audit:175] - 1. PreparedStatement.new PreparedStatement returned 
INFO  [audit:175] - 1. Connection.prepareStatement(insert into tbl_member_auth(userid, auth) values(?,?)) returned net.sf.log4jdbc.sql.jdbcapi.PreparedStatementSpy@3d1a913e
WARN  [CustomNoOpPasswordEncoder:12] - before encode : pw59
INFO  [audit:175] - 1. PreparedStatement.setString(2, "pw59") returned 
INFO  [audit:175] - 1. PreparedStatement.setString(1, "user59") returned 
INFO  [audit:175] - 1. PreparedStatement.setString(2, "ROLE_USER") returned 
INFO  [sqlonly:228] - insert into tbl_member_auth(userid, auth) values('user59','ROLE_USER') 

INFO  [sqltiming:373] - insert into tbl_member_auth(userid, auth) values('user59','ROLE_USER') 
 {executed in 5 msec}
INFO  [audit:175] - 1. PreparedStatement.executeUpdate() returned 1
INFO  [audit:175] - 1. PreparedStatement.close() returned 
INFO  [audit:175] - 1. Connection.clearWarnings() returned 
INFO  [audit:175] - 1. PreparedStatement.new PreparedStatement returned 
INFO  [audit:175] - 1. Connection.prepareStatement(insert into tbl_member_auth(userid, auth) values(?,?)) returned net.sf.log4jdbc.sql.jdbcapi.PreparedStatementSpy@69a86308
WARN  [CustomNoOpPasswordEncoder:12] - before encode : pw60
INFO  [audit:175] - 1. PreparedStatement.setString(2, "pw60") returned 
INFO  [audit:175] - 1. PreparedStatement.setString(1, "user60") returned 
INFO  [audit:175] - 1. PreparedStatement.setString(2, "ROLE_USER") returned 
INFO  [sqlonly:228] - insert into tbl_member_auth(userid, auth) values('user60','ROLE_USER') 

INFO  [sqltiming:373] - insert into tbl_member_auth(userid, auth) values('user60','ROLE_USER') 
 {executed in 5 msec}
INFO  [audit:175] - 1. PreparedStatement.executeUpdate() returned 1
INFO  [audit:175] - 1. PreparedStatement.close() returned 
INFO  [audit:175] - 1. Connection.clearWarnings() returned 
INFO  [audit:175] - 1. PreparedStatement.new PreparedStatement returned 
INFO  [audit:175] - 1. Connection.prepareStatement(insert into tbl_member_auth(userid, auth) values(?,?)) returned net.sf.log4jdbc.sql.jdbcapi.PreparedStatementSpy@5631c45d
WARN  [CustomNoOpPasswordEncoder:12] - before encode : pw61
INFO  [audit:175] - 1. PreparedStatement.setString(2, "pw61") returned 
INFO  [audit:175] - 1. PreparedStatement.setString(1, "user61") returned 
INFO  [audit:175] - 1. PreparedStatement.setString(2, "ROLE_USER") returned 
INFO  [sqlonly:228] - insert into tbl_member_auth(userid, auth) values('user61','ROLE_USER') 

INFO  [sqltiming:373] - insert into tbl_member_auth(userid, auth) values('user61','ROLE_USER') 
 {executed in 4 msec}
INFO  [audit:175] - 1. PreparedStatement.executeUpdate() returned 1
INFO  [audit:175] - 1. PreparedStatement.close() returned 
INFO  [audit:175] - 1. Connection.clearWarnings() returned 
INFO  [audit:175] - 1. PreparedStatement.new PreparedStatement returned 
INFO  [audit:175] - 1. Connection.prepareStatement(insert into tbl_member_auth(userid, auth) values(?,?)) returned net.sf.log4jdbc.sql.jdbcapi.PreparedStatementSpy@52b687ab
WARN  [CustomNoOpPasswordEncoder:12] - before encode : pw62
INFO  [audit:175] - 1. PreparedStatement.setString(2, "pw62") returned 
INFO  [audit:175] - 1. PreparedStatement.setString(1, "user62") returned 
INFO  [audit:175] - 1. PreparedStatement.setString(2, "ROLE_USER") returned 
INFO  [sqlonly:228] - insert into tbl_member_auth(userid, auth) values('user62','ROLE_USER') 

INFO  [sqltiming:373] - insert into tbl_member_auth(userid, auth) values('user62','ROLE_USER') 
 {executed in 4 msec}
INFO  [audit:175] - 1. PreparedStatement.executeUpdate() returned 1
INFO  [audit:175] - 1. PreparedStatement.close() returned 
INFO  [audit:175] - 1. Connection.clearWarnings() returned 
INFO  [audit:175] - 1. PreparedStatement.new PreparedStatement returned 
INFO  [audit:175] - 1. Connection.prepareStatement(insert into tbl_member_auth(userid, auth) values(?,?)) returned net.sf.log4jdbc.sql.jdbcapi.PreparedStatementSpy@3bcc6fa2
WARN  [CustomNoOpPasswordEncoder:12] - before encode : pw63
INFO  [audit:175] - 1. PreparedStatement.setString(2, "pw63") returned 
INFO  [audit:175] - 1. PreparedStatement.setString(1, "user63") returned 
INFO  [audit:175] - 1. PreparedStatement.setString(2, "ROLE_USER") returned 
INFO  [sqlonly:228] - insert into tbl_member_auth(userid, auth) values('user63','ROLE_USER') 

INFO  [sqltiming:373] - insert into tbl_member_auth(userid, auth) values('user63','ROLE_USER') 
 {executed in 4 msec}
INFO  [audit:175] - 1. PreparedStatement.executeUpdate() returned 1
INFO  [audit:175] - 1. PreparedStatement.close() returned 
INFO  [audit:175] - 1. Connection.clearWarnings() returned 
INFO  [audit:175] - 1. PreparedStatement.new PreparedStatement returned 
INFO  [audit:175] - 1. Connection.prepareStatement(insert into tbl_member_auth(userid, auth) values(?,?)) returned net.sf.log4jdbc.sql.jdbcapi.PreparedStatementSpy@11d6fbf0
WARN  [CustomNoOpPasswordEncoder:12] - before encode : pw64
INFO  [audit:175] - 1. PreparedStatement.setString(2, "pw64") returned 
INFO  [audit:175] - 1. PreparedStatement.setString(1, "user64") returned 
INFO  [audit:175] - 1. PreparedStatement.setString(2, "ROLE_USER") returned 
INFO  [sqlonly:228] - insert into tbl_member_auth(userid, auth) values('user64','ROLE_USER') 

INFO  [sqltiming:373] - insert into tbl_member_auth(userid, auth) values('user64','ROLE_USER') 
 {executed in 4 msec}
INFO  [audit:175] - 1. PreparedStatement.executeUpdate() returned 1
INFO  [audit:175] - 1. PreparedStatement.close() returned 
INFO  [audit:175] - 1. Connection.clearWarnings() returned 
INFO  [audit:175] - 1. PreparedStatement.new PreparedStatement returned 
INFO  [audit:175] - 1. Connection.prepareStatement(insert into tbl_member_auth(userid, auth) values(?,?)) returned net.sf.log4jdbc.sql.jdbcapi.PreparedStatementSpy@499dd6bb
WARN  [CustomNoOpPasswordEncoder:12] - before encode : pw65
INFO  [audit:175] - 1. PreparedStatement.setString(2, "pw65") returned 
INFO  [audit:175] - 1. PreparedStatement.setString(1, "user65") returned 
INFO  [audit:175] - 1. PreparedStatement.setString(2, "ROLE_USER") returned 
INFO  [sqlonly:228] - insert into tbl_member_auth(userid, auth) values('user65','ROLE_USER') 

INFO  [sqltiming:373] - insert into tbl_member_auth(userid, auth) values('user65','ROLE_USER') 
 {executed in 5 msec}
INFO  [audit:175] - 1. PreparedStatement.executeUpdate() returned 1
INFO  [audit:175] - 1. PreparedStatement.close() returned 
INFO  [audit:175] - 1. Connection.clearWarnings() returned 
INFO  [audit:175] - 1. PreparedStatement.new PreparedStatement returned 
INFO  [audit:175] - 1. Connection.prepareStatement(insert into tbl_member_auth(userid, auth) values(?,?)) returned net.sf.log4jdbc.sql.jdbcapi.PreparedStatementSpy@2f709bfc
WARN  [CustomNoOpPasswordEncoder:12] - before encode : pw66
INFO  [audit:175] - 1. PreparedStatement.setString(2, "pw66") returned 
INFO  [audit:175] - 1. PreparedStatement.setString(1, "user66") returned 
INFO  [audit:175] - 1. PreparedStatement.setString(2, "ROLE_USER") returned 
INFO  [sqlonly:228] - insert into tbl_member_auth(userid, auth) values('user66','ROLE_USER') 

INFO  [sqltiming:373] - insert into tbl_member_auth(userid, auth) values('user66','ROLE_USER') 
 {executed in 3 msec}
INFO  [audit:175] - 1. PreparedStatement.executeUpdate() returned 1
INFO  [audit:175] - 1. PreparedStatement.close() returned 
INFO  [audit:175] - 1. Connection.clearWarnings() returned 
INFO  [audit:175] - 1. PreparedStatement.new PreparedStatement returned 
INFO  [audit:175] - 1. Connection.prepareStatement(insert into tbl_member_auth(userid, auth) values(?,?)) returned net.sf.log4jdbc.sql.jdbcapi.PreparedStatementSpy@779940cf
WARN  [CustomNoOpPasswordEncoder:12] - before encode : pw67
INFO  [audit:175] - 1. PreparedStatement.setString(2, "pw67") returned 
INFO  [audit:175] - 1. PreparedStatement.setString(1, "user67") returned 
INFO  [audit:175] - 1. PreparedStatement.setString(2, "ROLE_USER") returned 
INFO  [sqlonly:228] - insert into tbl_member_auth(userid, auth) values('user67','ROLE_USER') 

INFO  [sqltiming:373] - insert into tbl_member_auth(userid, auth) values('user67','ROLE_USER') 
 {executed in 5 msec}
INFO  [audit:175] - 1. PreparedStatement.executeUpdate() returned 1
INFO  [audit:175] - 1. PreparedStatement.close() returned 
INFO  [audit:175] - 1. Connection.clearWarnings() returned 
INFO  [audit:175] - 1. PreparedStatement.new PreparedStatement returned 
INFO  [audit:175] - 1. Connection.prepareStatement(insert into tbl_member_auth(userid, auth) values(?,?)) returned net.sf.log4jdbc.sql.jdbcapi.PreparedStatementSpy@51b62cb7
WARN  [CustomNoOpPasswordEncoder:12] - before encode : pw68
INFO  [audit:175] - 1. PreparedStatement.setString(2, "pw68") returned 
INFO  [audit:175] - 1. PreparedStatement.setString(1, "user68") returned 
INFO  [audit:175] - 1. PreparedStatement.setString(2, "ROLE_USER") returned 
INFO  [sqlonly:228] - insert into tbl_member_auth(userid, auth) values('user68','ROLE_USER') 

INFO  [sqltiming:373] - insert into tbl_member_auth(userid, auth) values('user68','ROLE_USER') 
 {executed in 5 msec}
INFO  [audit:175] - 1. PreparedStatement.executeUpdate() returned 1
INFO  [audit:175] - 1. PreparedStatement.close() returned 
INFO  [audit:175] - 1. Connection.clearWarnings() returned 
INFO  [audit:175] - 1. PreparedStatement.new PreparedStatement returned 
INFO  [audit:175] - 1. Connection.prepareStatement(insert into tbl_member_auth(userid, auth) values(?,?)) returned net.sf.log4jdbc.sql.jdbcapi.PreparedStatementSpy@76b91034
WARN  [CustomNoOpPasswordEncoder:12] - before encode : pw69
INFO  [audit:175] - 1. PreparedStatement.setString(2, "pw69") returned 
INFO  [audit:175] - 1. PreparedStatement.setString(1, "user69") returned 
INFO  [audit:175] - 1. PreparedStatement.setString(2, "ROLE_USER") returned 
INFO  [sqlonly:228] - insert into tbl_member_auth(userid, auth) values('user69','ROLE_USER') 

INFO  [sqltiming:373] - insert into tbl_member_auth(userid, auth) values('user69','ROLE_USER') 
 {executed in 4 msec}
INFO  [audit:175] - 1. PreparedStatement.executeUpdate() returned 1
INFO  [audit:175] - 1. PreparedStatement.close() returned 
INFO  [audit:175] - 1. Connection.clearWarnings() returned 
INFO  [audit:175] - 1. PreparedStatement.new PreparedStatement returned 
INFO  [audit:175] - 1. Connection.prepareStatement(insert into tbl_member_auth(userid, auth) values(?,?)) returned net.sf.log4jdbc.sql.jdbcapi.PreparedStatementSpy@5d3dda64
WARN  [CustomNoOpPasswordEncoder:12] - before encode : pw70
INFO  [audit:175] - 1. PreparedStatement.setString(2, "pw70") returned 
INFO  [audit:175] - 1. PreparedStatement.setString(1, "user70") returned 
INFO  [audit:175] - 1. PreparedStatement.setString(2, "ROLE_USER") returned 
INFO  [sqlonly:228] - insert into tbl_member_auth(userid, auth) values('user70','ROLE_USER') 

INFO  [sqltiming:373] - insert into tbl_member_auth(userid, auth) values('user70','ROLE_USER') 
 {executed in 4 msec}
INFO  [audit:175] - 1. PreparedStatement.executeUpdate() returned 1
INFO  [audit:175] - 1. PreparedStatement.close() returned 
INFO  [audit:175] - 1. Connection.clearWarnings() returned 
INFO  [audit:175] - 1. PreparedStatement.new PreparedStatement returned 
INFO  [audit:175] - 1. Connection.prepareStatement(insert into tbl_member_auth(userid, auth) values(?,?)) returned net.sf.log4jdbc.sql.jdbcapi.PreparedStatementSpy@609f6634
WARN  [CustomNoOpPasswordEncoder:12] - before encode : pw71
INFO  [audit:175] - 1. PreparedStatement.setString(2, "pw71") returned 
INFO  [audit:175] - 1. PreparedStatement.setString(1, "user71") returned 
INFO  [audit:175] - 1. PreparedStatement.setString(2, "ROLE_USER") returned 
INFO  [sqlonly:228] - insert into tbl_member_auth(userid, auth) values('user71','ROLE_USER') 

INFO  [sqltiming:373] - insert into tbl_member_auth(userid, auth) values('user71','ROLE_USER') 
 {executed in 4 msec}
INFO  [audit:175] - 1. PreparedStatement.executeUpdate() returned 1
INFO  [audit:175] - 1. PreparedStatement.close() returned 
INFO  [audit:175] - 1. Connection.clearWarnings() returned 
INFO  [audit:175] - 1. PreparedStatement.new PreparedStatement returned 
INFO  [audit:175] - 1. Connection.prepareStatement(insert into tbl_member_auth(userid, auth) values(?,?)) returned net.sf.log4jdbc.sql.jdbcapi.PreparedStatementSpy@2c3d04
WARN  [CustomNoOpPasswordEncoder:12] - before encode : pw72
INFO  [audit:175] - 1. PreparedStatement.setString(2, "pw72") returned 
INFO  [audit:175] - 1. PreparedStatement.setString(1, "user72") returned 
INFO  [audit:175] - 1. PreparedStatement.setString(2, "ROLE_USER") returned 
INFO  [sqlonly:228] - insert into tbl_member_auth(userid, auth) values('user72','ROLE_USER') 

INFO  [sqltiming:373] - insert into tbl_member_auth(userid, auth) values('user72','ROLE_USER') 
 {executed in 4 msec}
INFO  [audit:175] - 1. PreparedStatement.executeUpdate() returned 1
INFO  [audit:175] - 1. PreparedStatement.close() returned 
INFO  [audit:175] - 1. Connection.clearWarnings() returned 
INFO  [audit:175] - 1. PreparedStatement.new PreparedStatement returned 
INFO  [audit:175] - 1. Connection.prepareStatement(insert into tbl_member_auth(userid, auth) values(?,?)) returned net.sf.log4jdbc.sql.jdbcapi.PreparedStatementSpy@3e2aa585
WARN  [CustomNoOpPasswordEncoder:12] - before encode : pw73
INFO  [audit:175] - 1. PreparedStatement.setString(2, "pw73") returned 
INFO  [audit:175] - 1. PreparedStatement.setString(1, "user73") returned 
INFO  [audit:175] - 1. PreparedStatement.setString(2, "ROLE_USER") returned 
INFO  [sqlonly:228] - insert into tbl_member_auth(userid, auth) values('user73','ROLE_USER') 

INFO  [sqltiming:373] - insert into tbl_member_auth(userid, auth) values('user73','ROLE_USER') 
 {executed in 3 msec}
INFO  [audit:175] - 1. PreparedStatement.executeUpdate() returned 1
INFO  [audit:175] - 1. PreparedStatement.close() returned 
INFO  [audit:175] - 1. Connection.clearWarnings() returned 
INFO  [audit:175] - 1. PreparedStatement.new PreparedStatement returned 
INFO  [audit:175] - 1. Connection.prepareStatement(insert into tbl_member_auth(userid, auth) values(?,?)) returned net.sf.log4jdbc.sql.jdbcapi.PreparedStatementSpy@df7a6de
WARN  [CustomNoOpPasswordEncoder:12] - before encode : pw74
INFO  [audit:175] - 1. PreparedStatement.setString(2, "pw74") returned 
INFO  [audit:175] - 1. PreparedStatement.setString(1, "user74") returned 
INFO  [audit:175] - 1. PreparedStatement.setString(2, "ROLE_USER") returned 
INFO  [sqlonly:228] - insert into tbl_member_auth(userid, auth) values('user74','ROLE_USER') 

INFO  [sqltiming:373] - insert into tbl_member_auth(userid, auth) values('user74','ROLE_USER') 
 {executed in 4 msec}
INFO  [audit:175] - 1. PreparedStatement.executeUpdate() returned 1
[...]
INFO  [audit:175] - 1. Connection.clearWarnings() returned 
INFO  [audit:175] - 1. PreparedStatement.new PreparedStatement returned 
INFO  [audit:175] - 1. Connection.prepareStatement(insert into tbl_member_auth(userid, auth) values(?,?)) returned net.sf.log4jdbc.sql.jdbcapi.PreparedStatementSpy@2c45f1ec
WARN  [CustomNoOpPasswordEncoder:12] - before encode : pw79
INFO  [audit:175] - 1. PreparedStatement.setString(2, "pw79") returned 
INFO  [audit:175] - 1. PreparedStatement.setString(1, "user79") returned 
INFO  [audit:175] - 1. PreparedStatement.setString(2, "ROLE_USER") returned 
INFO  [sqlonly:228] - insert into tbl_member_auth(userid, auth) values('user79','ROLE_USER') 

INFO  [sqltiming:373] - insert into tbl_member_auth(userid, auth) values('user79','ROLE_USER') 
 {executed in 4 msec}
INFO  [audit:175] - 1. PreparedStatement.executeUpdate() returned 1
INFO  [audit:175] - 1. PreparedStatement.close() returned 
INFO  [audit:175] - 1. Connection.clearWarnings() returned 
INFO  [audit:175] - 1. PreparedStatement.new PreparedStatement returned 
INFO  [audit:175] - 1. Connection.prepareStatement(insert into tbl_member_auth(userid, auth) values(?,?)) returned net.sf.log4jdbc.sql.jdbcapi.PreparedStatementSpy@63cf3d2b
WARN  [CustomNoOpPasswordEncoder:12] - before encode : pw80
INFO  [audit:175] - 1. PreparedStatement.setString(2, "pw80") returned 
INFO  [audit:175] - 1. PreparedStatement.setString(1, "manager80") returned 
INFO  [audit:175] - 1. PreparedStatement.setString(2, "ROLE_MEMBER") returned 
INFO  [sqlonly:228] - insert into tbl_member_auth(userid, auth) values('manager80','ROLE_MEMBER') 

INFO  [sqltiming:373] - insert into tbl_member_auth(userid, auth) values('manager80','ROLE_MEMBER') 
 {executed in 5 msec}
INFO  [audit:175] - 1. PreparedStatement.executeUpdate() returned 1
INFO  [audit:175] - 1. PreparedStatement.close() returned 
INFO  [audit:175] - 1. Connection.clearWarnings() returned 
INFO  [audit:175] - 1. PreparedStatement.new PreparedStatement returned 
INFO  [audit:175] - 1. Connection.prepareStatement(insert into tbl_member_auth(userid, auth) values(?,?)) returned net.sf.log4jdbc.sql.jdbcapi.PreparedStatementSpy@2b009f5c
WARN  [CustomNoOpPasswordEncoder:12] - before encode : pw81
INFO  [audit:175] - 1. PreparedStatement.setString(2, "pw81") returned 
INFO  [audit:175] - 1. PreparedStatement.setString(1, "manager81") returned 
INFO  [audit:175] - 1. PreparedStatement.setString(2, "ROLE_MEMBER") returned 
INFO  [sqlonly:228] - insert into tbl_member_auth(userid, auth) values('manager81','ROLE_MEMBER') 

INFO  [sqltiming:373] - insert into tbl_member_auth(userid, auth) values('manager81','ROLE_MEMBER') 
 {executed in 3 msec}
INFO  [audit:175] - 1. PreparedStatement.executeUpdate() returned 1
INFO  [audit:175] - 1. PreparedStatement.close() returned 
INFO  [audit:175] - 1. Connection.clearWarnings() returned 
INFO  [audit:175] - 1. PreparedStatement.new PreparedStatement returned 
INFO  [audit:175] - 1. Connection.prepareStatement(insert into tbl_member_auth(userid, auth) values(?,?)) returned net.sf.log4jdbc.sql.jdbcapi.PreparedStatementSpy@5fa2b967
WARN  [CustomNoOpPasswordEncoder:12] - before encode : pw82
INFO  [audit:175] - 1. PreparedStatement.setString(2, "pw82") returned 
INFO  [audit:175] - 1. PreparedStatement.setString(1, "manager82") returned 
INFO  [audit:175] - 1. PreparedStatement.setString(2, "ROLE_MEMBER") returned 
INFO  [sqlonly:228] - insert into tbl_member_auth(userid, auth) values('manager82','ROLE_MEMBER') 

INFO  [sqltiming:373] - insert into tbl_member_auth(userid, auth) values('manager82','ROLE_MEMBER') 
 {executed in 4 msec}
INFO  [audit:175] - 1. PreparedStatement.executeUpdate() returned 1
INFO  [audit:175] - 1. PreparedStatement.close() returned 
INFO  [audit:175] - 1. Connection.clearWarnings() returned 
INFO  [audit:175] - 1. PreparedStatement.new PreparedStatement returned 
INFO  [audit:175] - 1. Connection.prepareStatement(insert into tbl_member_auth(userid, auth) values(?,?)) returned net.sf.log4jdbc.sql.jdbcapi.PreparedStatementSpy@5c6bf9ee
WARN  [CustomNoOpPasswordEncoder:12] - before encode : pw83
INFO  [audit:175] - 1. PreparedStatement.setString(2, "pw83") returned 
INFO  [audit:175] - 1. PreparedStatement.setString(1, "manager83") returned 
INFO  [audit:175] - 1. PreparedStatement.setString(2, "ROLE_MEMBER") returned 
INFO  [sqlonly:228] - insert into tbl_member_auth(userid, auth) values('manager83','ROLE_MEMBER') 

INFO  [sqltiming:373] - insert into tbl_member_auth(userid, auth) values('manager83','ROLE_MEMBER') 
 {executed in 5 msec}
INFO  [audit:175] - 1. PreparedStatement.executeUpdate() returned 1
INFO  [audit:175] - 1. PreparedStatement.close() returned 
INFO  [audit:175] - 1. Connection.clearWarnings() returned 
INFO  [audit:175] - 1. PreparedStatement.new PreparedStatement returned 
INFO  [audit:175] - 1. Connection.prepareStatement(insert into tbl_member_auth(userid, auth) values(?,?)) returned net.sf.log4jdbc.sql.jdbcapi.PreparedStatementSpy@4657a12d
WARN  [CustomNoOpPasswordEncoder:12] - before encode : pw84
INFO  [audit:175] - 1. PreparedStatement.setString(2, "pw84") returned 
INFO  [audit:175] - 1. PreparedStatement.setString(1, "manager84") returned 
INFO  [audit:175] - 1. PreparedStatement.setString(2, "ROLE_MEMBER") returned 
INFO  [sqlonly:228] - insert into tbl_member_auth(userid, auth) values('manager84','ROLE_MEMBER') 

INFO  [sqltiming:373] - insert into tbl_member_auth(userid, auth) values('manager84','ROLE_MEMBER') 
 {executed in 3 msec}
INFO  [audit:175] - 1. PreparedStatement.executeUpdate() returned 1
INFO  [audit:175] - 1. PreparedStatement.close() returned 
INFO  [audit:175] - 1. Connection.clearWarnings() returned 
INFO  [audit:175] - 1. PreparedStatement.new PreparedStatement returned 
INFO  [audit:175] - 1. Connection.prepareStatement(insert into tbl_member_auth(userid, auth) values(?,?)) returned net.sf.log4jdbc.sql.jdbcapi.PreparedStatementSpy@69023cc4
WARN  [CustomNoOpPasswordEncoder:12] - before encode : pw85
INFO  [audit:175] - 1. PreparedStatement.setString(2, "pw85") returned 
INFO  [audit:175] - 1. PreparedStatement.setString(1, "manager85") returned 
INFO  [audit:175] - 1. PreparedStatement.setString(2, "ROLE_MEMBER") returned 
INFO  [sqlonly:228] - insert into tbl_member_auth(userid, auth) values('manager85','ROLE_MEMBER') 

INFO  [sqltiming:373] - insert into tbl_member_auth(userid, auth) values('manager85','ROLE_MEMBER') 
 {executed in 6 msec}
INFO  [audit:175] - 1. PreparedStatement.executeUpdate() returned 1
INFO  [audit:175] - 1. PreparedStatement.close() returned 
INFO  [audit:175] - 1. Connection.clearWarnings() returned 
INFO  [audit:175] - 1. PreparedStatement.new PreparedStatement returned 
INFO  [audit:175] - 1. Connection.prepareStatement(insert into tbl_member_auth(userid, auth) values(?,?)) returned net.sf.log4jdbc.sql.jdbcapi.PreparedStatementSpy@23a1d902
WARN  [CustomNoOpPasswordEncoder:12] - before encode : pw86
INFO  [audit:175] - 1. PreparedStatement.setString(2, "pw86") returned 
INFO  [audit:175] - 1. PreparedStatement.setString(1, "manager86") returned 
INFO  [audit:175] - 1. PreparedStatement.setString(2, "ROLE_MEMBER") returned 
INFO  [sqlonly:228] - insert into tbl_member_auth(userid, auth) values('manager86','ROLE_MEMBER') 

INFO  [sqltiming:373] - insert into tbl_member_auth(userid, auth) values('manager86','ROLE_MEMBER') 
 {executed in 4 msec}
INFO  [audit:175] - 1. PreparedStatement.executeUpdate() returned 1
INFO  [audit:175] - 1. PreparedStatement.close() returned 
INFO  [audit:175] - 1. Connection.clearWarnings() returned 
INFO  [audit:175] - 1. PreparedStatement.new PreparedStatement returned 
INFO  [audit:175] - 1. Connection.prepareStatement(insert into tbl_member_auth(userid, auth) values(?,?)) returned net.sf.log4jdbc.sql.jdbcapi.PreparedStatementSpy@2086e011
WARN  [CustomNoOpPasswordEncoder:12] - before encode : pw87
INFO  [audit:175] - 1. PreparedStatement.setString(2, "pw87") returned 
INFO  [audit:175] - 1. PreparedStatement.setString(1, "manager87") returned 
INFO  [audit:175] - 1. PreparedStatement.setString(2, "ROLE_MEMBER") returned 
INFO  [sqlonly:228] - insert into tbl_member_auth(userid, auth) values('manager87','ROLE_MEMBER') 

INFO  [sqltiming:373] - insert into tbl_member_auth(userid, auth) values('manager87','ROLE_MEMBER') 
 {executed in 5 msec}
INFO  [audit:175] - 1. PreparedStatement.executeUpdate() returned 1
INFO  [audit:175] - 1. PreparedStatement.close() returned 
INFO  [audit:175] - 1. Connection.clearWarnings() returned 
INFO  [audit:175] - 1. PreparedStatement.new PreparedStatement returned 
INFO  [audit:175] - 1. Connection.prepareStatement(insert into tbl_member_auth(userid, auth) values(?,?)) returned net.sf.log4jdbc.sql.jdbcapi.PreparedStatementSpy@5ba373e5
WARN  [CustomNoOpPasswordEncoder:12] - before encode : pw88
INFO  [audit:175] - 1. PreparedStatement.setString(2, "pw88") returned 
INFO  [audit:175] - 1. PreparedStatement.setString(1, "manager88") returned 
INFO  [audit:175] - 1. PreparedStatement.setString(2, "ROLE_MEMBER") returned 
INFO  [sqlonly:228] - insert into tbl_member_auth(userid, auth) values('manager88','ROLE_MEMBER') 

INFO  [sqltiming:373] - insert into tbl_member_auth(userid, auth) values('manager88','ROLE_MEMBER') 
 {executed in 4 msec}
INFO  [audit:175] - 1. PreparedStatement.executeUpdate() returned 1
INFO  [audit:175] - 1. PreparedStatement.close() returned 
INFO  [audit:175] - 1. Connection.clearWarnings() returned 
INFO  [audit:175] - 1. PreparedStatement.new PreparedStatement returned 
INFO  [audit:175] - 1. Connection.prepareStatement(insert into tbl_member_auth(userid, auth) values(?,?)) returned net.sf.log4jdbc.sql.jdbcapi.PreparedStatementSpy@233f8049
WARN  [CustomNoOpPasswordEncoder:12] - before encode : pw89
INFO  [audit:175] - 1. PreparedStatement.setString(2, "pw89") returned 
INFO  [audit:175] - 1. PreparedStatement.setString(1, "manager89") returned 
INFO  [audit:175] - 1. PreparedStatement.setString(2, "ROLE_MEMBER") returned 
INFO  [sqlonly:228] - insert into tbl_member_auth(userid, auth) values('manager89','ROLE_MEMBER') 

INFO  [sqltiming:373] - insert into tbl_member_auth(userid, auth) values('manager89','ROLE_MEMBER') 
 {executed in 4 msec}
INFO  [audit:175] - 1. PreparedStatement.executeUpdate() returned 1
INFO  [audit:175] - 1. PreparedStatement.close() returned 
INFO  [audit:175] - 1. Connection.clearWarnings() returned 
INFO  [audit:175] - 1. PreparedStatement.new PreparedStatement returned 
INFO  [audit:175] - 1. Connection.prepareStatement(insert into tbl_member_auth(userid, auth) values(?,?)) returned net.sf.log4jdbc.sql.jdbcapi.PreparedStatementSpy@efb24e5
WARN  [CustomNoOpPasswordEncoder:12] - before encode : pw90
INFO  [audit:175] - 1. PreparedStatement.setString(2, "pw90") returned 
INFO  [audit:175] - 1. PreparedStatement.setString(1, "admin90") returned 
INFO  [audit:175] - 1. PreparedStatement.setString(2, "ROLE_ADMIN") returned 
INFO  [sqlonly:228] - insert into tbl_member_auth(userid, auth) values('admin90','ROLE_ADMIN') 

INFO  [sqltiming:373] - insert into tbl_member_auth(userid, auth) values('admin90','ROLE_ADMIN') 
 {executed in 4 msec}
INFO  [audit:175] - 1. PreparedStatement.executeUpdate() returned 1
INFO  [audit:175] - 1. PreparedStatement.close() returned 
INFO  [audit:175] - 1. Connection.clearWarnings() returned 
INFO  [audit:175] - 1. PreparedStatement.new PreparedStatement returned 
INFO  [audit:175] - 1. Connection.prepareStatement(insert into tbl_member_auth(userid, auth) values(?,?)) returned net.sf.log4jdbc.sql.jdbcapi.PreparedStatementSpy@196adb43
WARN  [CustomNoOpPasswordEncoder:12] - before encode : pw91
INFO  [audit:175] - 1. PreparedStatement.setString(2, "pw91") returned 
INFO  [audit:175] - 1. PreparedStatement.setString(1, "admin91") returned 
INFO  [audit:175] - 1. PreparedStatement.setString(2, "ROLE_ADMIN") returned 
INFO  [sqlonly:228] - insert into tbl_member_auth(userid, auth) values('admin91','ROLE_ADMIN') 

INFO  [sqltiming:373] - insert into tbl_member_auth(userid, auth) values('admin91','ROLE_ADMIN') 
 {executed in 9 msec}
INFO  [audit:175] - 1. PreparedStatement.executeUpdate() returned 1
INFO  [audit:175] - 1. PreparedStatement.close() returned 
INFO  [audit:175] - 1. Connection.clearWarnings() returned 
INFO  [audit:175] - 1. PreparedStatement.new PreparedStatement returned 
INFO  [audit:175] - 1. Connection.prepareStatement(insert into tbl_member_auth(userid, auth) values(?,?)) returned net.sf.log4jdbc.sql.jdbcapi.PreparedStatementSpy@5916afd0
WARN  [CustomNoOpPasswordEncoder:12] - before encode : pw92
INFO  [audit:175] - 1. PreparedStatement.setString(2, "pw92") returned 
INFO  [audit:175] - 1. PreparedStatement.setString(1, "admin92") returned 
INFO  [audit:175] - 1. PreparedStatement.setString(2, "ROLE_ADMIN") returned 
INFO  [sqlonly:228] - insert into tbl_member_auth(userid, auth) values('admin92','ROLE_ADMIN') 

INFO  [sqltiming:373] - insert into tbl_member_auth(userid, auth) values('admin92','ROLE_ADMIN') 
 {executed in 5 msec}
INFO  [audit:175] - 1. PreparedStatement.executeUpdate() returned 1
INFO  [audit:175] - 1. PreparedStatement.close() returned 
INFO  [audit:175] - 1. Connection.clearWarnings() returned 
INFO  [audit:175] - 1. PreparedStatement.new PreparedStatement returned 
INFO  [audit:175] - 1. Connection.prepareStatement(insert into tbl_member_auth(userid, auth) values(?,?)) returned net.sf.log4jdbc.sql.jdbcapi.PreparedStatementSpy@6f44173
WARN  [CustomNoOpPasswordEncoder:12] - before encode : pw93
INFO  [audit:175] - 1. PreparedStatement.setString(2, "pw93") returned 
INFO  [audit:175] - 1. PreparedStatement.setString(1, "admin93") returned 
INFO  [audit:175] - 1. PreparedStatement.setString(2, "ROLE_ADMIN") returned 
INFO  [sqlonly:228] - insert into tbl_member_auth(userid, auth) values('admin93','ROLE_ADMIN') 

INFO  [sqltiming:373] - insert into tbl_member_auth(userid, auth) values('admin93','ROLE_ADMIN') 
 {executed in 4 msec}
INFO  [audit:175] - 1. PreparedStatement.executeUpdate() returned 1
INFO  [audit:175] - 1. PreparedStatement.close() returned 
INFO  [audit:175] - 1. Connection.clearWarnings() returned 
INFO  [audit:175] - 1. PreparedStatement.new PreparedStatement returned 
INFO  [audit:175] - 1. Connection.prepareStatement(insert into tbl_member_auth(userid, auth) values(?,?)) returned net.sf.log4jdbc.sql.jdbcapi.PreparedStatementSpy@517f9144
WARN  [CustomNoOpPasswordEncoder:12] - before encode : pw94
INFO  [audit:175] - 1. PreparedStatement.setString(2, "pw94") returned 
INFO  [audit:175] - 1. PreparedStatement.setString(1, "admin94") returned 
INFO  [audit:175] - 1. PreparedStatement.setString(2, "ROLE_ADMIN") returned 
INFO  [sqlonly:228] - insert into tbl_member_auth(userid, auth) values('admin94','ROLE_ADMIN') 

INFO  [sqltiming:373] - insert into tbl_member_auth(userid, auth) values('admin94','ROLE_ADMIN') 
 {executed in 5 msec}
INFO  [audit:175] - 1. PreparedStatement.executeUpdate() returned 1
INFO  [audit:175] - 1. PreparedStatement.close() returned 
INFO  [audit:175] - 1. Connection.clearWarnings() returned 
INFO  [audit:175] - 1. PreparedStatement.new PreparedStatement returned 
INFO  [audit:175] - 1. Connection.prepareStatement(insert into tbl_member_auth(userid, auth) values(?,?)) returned net.sf.log4jdbc.sql.jdbcapi.PreparedStatementSpy@1e00e8eb
WARN  [CustomNoOpPasswordEncoder:12] - before encode : pw95
INFO  [audit:175] - 1. PreparedStatement.setString(2, "pw95") returned 
INFO  [audit:175] - 1. PreparedStatement.setString(1, "admin95") returned 
INFO  [audit:175] - 1. PreparedStatement.setString(2, "ROLE_ADMIN") returned 
INFO  [sqlonly:228] - insert into tbl_member_auth(userid, auth) values('admin95','ROLE_ADMIN') 

INFO  [sqltiming:373] - insert into tbl_member_auth(userid, auth) values('admin95','ROLE_ADMIN') 
 {executed in 4 msec}
INFO  [audit:175] - 1. PreparedStatement.executeUpdate() returned 1
INFO  [audit:175] - 1. PreparedStatement.close() returned 
INFO  [audit:175] - 1. Connection.clearWarnings() returned 
INFO  [audit:175] - 1. PreparedStatement.new PreparedStatement returned 
INFO  [audit:175] - 1. Connection.prepareStatement(insert into tbl_member_auth(userid, auth) values(?,?)) returned net.sf.log4jdbc.sql.jdbcapi.PreparedStatementSpy@7204bcd4
WARN  [CustomNoOpPasswordEncoder:12] - before encode : pw96
INFO  [audit:175] - 1. PreparedStatement.setString(2, "pw96") returned 
INFO  [audit:175] - 1. PreparedStatement.setString(1, "admin96") returned 
INFO  [audit:175] - 1. PreparedStatement.setString(2, "ROLE_ADMIN") returned 
INFO  [sqlonly:228] - insert into tbl_member_auth(userid, auth) values('admin96','ROLE_ADMIN') 

INFO  [sqltiming:373] - insert into tbl_member_auth(userid, auth) values('admin96','ROLE_ADMIN') 
 {executed in 4 msec}
INFO  [audit:175] - 1. PreparedStatement.executeUpdate() returned 1
INFO  [audit:175] - 1. PreparedStatement.close() returned 
INFO  [audit:175] - 1. Connection.clearWarnings() returned 
INFO  [audit:175] - 1. PreparedStatement.new PreparedStatement returned 
INFO  [audit:175] - 1. Connection.prepareStatement(insert into tbl_member_auth(userid, auth) values(?,?)) returned net.sf.log4jdbc.sql.jdbcapi.PreparedStatementSpy@565f843e
WARN  [CustomNoOpPasswordEncoder:12] - before encode : pw97
INFO  [audit:175] - 1. PreparedStatement.setString(2, "pw97") returned 
INFO  [audit:175] - 1. PreparedStatement.setString(1, "admin97") returned 
INFO  [audit:175] - 1. PreparedStatement.setString(2, "ROLE_ADMIN") returned 
INFO  [sqlonly:228] - insert into tbl_member_auth(userid, auth) values('admin97','ROLE_ADMIN') 

INFO  [sqltiming:373] - insert into tbl_member_auth(userid, auth) values('admin97','ROLE_ADMIN') 
 {executed in 5 msec}
INFO  [audit:175] - 1. PreparedStatement.executeUpdate() returned 1
INFO  [audit:175] - 1. PreparedStatement.close() returned 
INFO  [audit:175] - 1. Connection.clearWarnings() returned 
INFO  [audit:175] - 1. PreparedStatement.new PreparedStatement returned 
INFO  [audit:175] - 1. Connection.prepareStatement(insert into tbl_member_auth(userid, auth) values(?,?)) returned net.sf.log4jdbc.sql.jdbcapi.PreparedStatementSpy@7b07ca00
WARN  [CustomNoOpPasswordEncoder:12] - before encode : pw98
INFO  [audit:175] - 1. PreparedStatement.setString(2, "pw98") returned 
INFO  [audit:175] - 1. PreparedStatement.setString(1, "admin98") returned 
INFO  [audit:175] - 1. PreparedStatement.setString(2, "ROLE_ADMIN") returned 
INFO  [sqlonly:228] - insert into tbl_member_auth(userid, auth) values('admin98','ROLE_ADMIN') 

INFO  [sqltiming:373] - insert into tbl_member_auth(userid, auth) values('admin98','ROLE_ADMIN') 
 {executed in 4 msec}
INFO  [audit:175] - 1. PreparedStatement.executeUpdate() returned 1
INFO  [audit:175] - 1. PreparedStatement.close() returned 
INFO  [audit:175] - 1. Connection.clearWarnings() returned 
INFO  [audit:175] - 1. PreparedStatement.new PreparedStatement returned 
INFO  [audit:175] - 1. Connection.prepareStatement(insert into tbl_member_auth(userid, auth) values(?,?)) returned net.sf.log4jdbc.sql.jdbcapi.PreparedStatementSpy@62d9223b
WARN  [CustomNoOpPasswordEncoder:12] - before encode : pw99
INFO  [audit:175] - 1. PreparedStatement.setString(2, "pw99") returned 
INFO  [audit:175] - 1. PreparedStatement.setString(1, "admin99") returned 
INFO  [audit:175] - 1. PreparedStatement.setString(2, "ROLE_ADMIN") returned 
INFO  [sqlonly:228] - insert into tbl_member_auth(userid, auth) values('admin99','ROLE_ADMIN') 

INFO  [sqltiming:373] - insert into tbl_member_auth(userid, auth) values('admin99','ROLE_ADMIN') 
 {executed in 4 msec}
INFO  [audit:175] - 1. PreparedStatement.executeUpdate() returned 1
INFO  [audit:175] - 1. PreparedStatement.close() returned 
INFO  [audit:175] - 1. Connection.clearWarnings() returned 
]]></system-out>
  <system-err><![CDATA[log4j:WARN No such property [tã]]>&#x97;<![CDATA[arget] in org.apache.log4j.ConsoleAppender.
]]></system-err>
</testsuite>
